| T     17 | Fr      1280 | Ep      0 | Up      1 | RMe    0.00 | RSd    0.00 | RMa    0.00 | RMi    0.00 | Pl   -0.026 | Vl    0.020 | El 0.0301 | Gr    0.486 | Fps    75 |
| T    412 | Fr    128000 | Ep    528 | Up    100 | RMe    1.38 | RSd    1.16 | RMa    5.00 | RMi    0.00 | Pl    0.084 | Vl    0.031 | El 0.0294 | Gr    0.228 | Fps   310 |
| T    812 | Fr    256000 | Ep   1064 | Up    200 | RMe    1.14 | RSd    0.97 | RMa    5.00 | RMi    0.00 | Pl    0.134 | Vl    0.035 | El 0.0303 | Gr    0.325 | Fps   315 |
| T   1206 | Fr    384000 | Ep   1600 | Up    300 | RMe    1.20 | RSd    1.17 | RMa    6.00 | RMi    0.00 | Pl   -0.216 | Vl    0.014 | El 0.0305 | Gr    0.269 | Fps   318 |
| T   1599 | Fr    512000 | Ep   2128 | Up    400 | RMe    0.99 | RSd    0.94 | RMa    4.00 | RMi    0.00 | Pl   -0.098 | Vl    0.016 | El 0.0302 | Gr    0.124 | Fps   320 |
| T   1988 | Fr    640000 | Ep   2664 | Up    500 | RMe    0.90 | RSd    0.96 | RMa    4.00 | RMi    0.00 | Pl   -0.073 | Vl    0.035 | El 0.0301 | Gr    0.090 | Fps   321 |
| T   2369 | Fr    768000 | Ep   3200 | Up    600 | RMe    1.04 | RSd    0.95 | RMa    5.00 | RMi    0.00 | Pl    0.146 | Vl    0.050 | El 0.0301 | Gr    0.231 | Fps   324 |
| T   2755 | Fr    896000 | Ep   3728 | Up    700 | RMe    1.23 | RSd    1.17 | RMa    6.00 | RMi    0.00 | Pl    0.413 | Vl    0.041 | El 0.0300 | Gr    0.592 | Fps   325 |
| T   3152 | Fr   1024000 | Ep   4264 | Up    800 | RMe    1.27 | RSd    1.12 | RMa    5.00 | RMi    0.00 | Pl   -0.168 | Vl    0.037 | El 0.0301 | Gr    0.280 | Fps   324 |
| T   3560 | Fr   1152000 | Ep   4800 | Up    900 | RMe    1.09 | RSd    1.05 | RMa    4.00 | RMi    0.00 | Pl   -0.255 | Vl    0.033 | El 0.0300 | Gr    0.346 | Fps   323 |
| T   3970 | Fr   1280000 | Ep   5328 | Up   1000 | RMe    1.20 | RSd    0.94 | RMa    4.00 | RMi    0.00 | Pl    0.154 | Vl    0.025 | El 0.0294 | Gr    0.368 | Fps   322 |
| T   4368 | Fr   1408000 | Ep   5864 | Up   1100 | RMe    1.12 | RSd    1.00 | RMa    4.00 | RMi    0.00 | Pl   -0.082 | Vl    0.046 | El 0.0302 | Gr    0.057 | Fps   322 |
| T   4770 | Fr   1536000 | Ep   6400 | Up   1200 | RMe    1.24 | RSd    1.11 | RMa    6.00 | RMi    0.00 | Pl    0.031 | Vl    0.062 | El 0.0302 | Gr    0.098 | Fps   322 |
| T   5159 | Fr   1664000 | Ep   6928 | Up   1300 | RMe    1.10 | RSd    0.98 | RMa    4.00 | RMi    0.00 | Pl    0.959 | Vl    0.061 | El 0.0303 | Gr    0.677 | Fps   322 |
| T   5563 | Fr   1792000 | Ep   7464 | Up   1400 | RMe    1.15 | RSd    0.98 | RMa    5.00 | RMi    0.00 | Pl    0.013 | Vl    0.048 | El 0.0301 | Gr    0.129 | Fps   322 |
| T   5947 | Fr   1920000 | Ep   8000 | Up   1500 | RMe    1.45 | RSd    1.02 | RMa    4.00 | RMi    0.00 | Pl   -0.482 | Vl    0.038 | El 0.0301 | Gr    0.504 | Fps   322 |
| T   6346 | Fr   2048000 | Ep   8528 | Up   1600 | RMe    1.00 | RSd    1.16 | RMa    7.00 | RMi    0.00 | Pl    0.520 | Vl    0.043 | El 0.0302 | Gr    0.371 | Fps   322 |
| T   6721 | Fr   2176000 | Ep   9064 | Up   1700 | RMe    1.15 | RSd    1.01 | RMa    4.00 | RMi    0.00 | Pl   -0.109 | Vl    0.035 | El 0.0302 | Gr    0.083 | Fps   323 |
| T   7113 | Fr   2304000 | Ep   9600 | Up   1800 | RMe    1.04 | RSd    0.86 | RMa    4.00 | RMi    0.00 | Pl   -0.267 | Vl    0.028 | El 0.0301 | Gr    0.260 | Fps   323 |
| T   7502 | Fr   2432000 | Ep  10128 | Up   1900 | RMe    1.05 | RSd    0.94 | RMa    4.00 | RMi    0.00 | Pl   -0.416 | Vl    0.002 | El 0.0303 | Gr    0.269 | Fps   324 |
| T   7901 | Fr   2560000 | Ep  10664 | Up   2000 | RMe    0.95 | RSd    0.93 | RMa    4.00 | RMi    0.00 | Pl    0.245 | Vl    0.081 | El 0.0303 | Gr    0.255 | Fps   324 |
| T   8293 | Fr   2688000 | Ep  11200 | Up   2100 | RMe    1.00 | RSd    0.89 | RMa    3.00 | RMi    0.00 | Pl   -0.089 | Vl    0.028 | El 0.0303 | Gr    0.066 | Fps   324 |
| T   8676 | Fr   2816000 | Ep  11728 | Up   2200 | RMe    1.18 | RSd    1.04 | RMa    5.00 | RMi    0.00 | Pl    0.138 | Vl    0.040 | El 0.0302 | Gr    0.118 | Fps   324 |
| T   9078 | Fr   2944000 | Ep  12264 | Up   2300 | RMe    1.06 | RSd    0.95 | RMa    5.00 | RMi    0.00 | Pl   -0.612 | Vl    0.029 | El 0.0302 | Gr    0.431 | Fps   324 |
| T   9470 | Fr   3072000 | Ep  12800 | Up   2400 | RMe    1.03 | RSd    1.00 | RMa    6.00 | RMi    0.00 | Pl    0.201 | Vl    0.043 | El 0.0298 | Gr    0.227 | Fps   324 |
| T   9871 | Fr   3200000 | Ep  13328 | Up   2500 | RMe    1.25 | RSd    0.96 | RMa    3.00 | RMi    0.00 | Pl    0.919 | Vl    0.071 | El 0.0301 | Gr    0.700 | Fps   324 |
| T  10267 | Fr   3328000 | Ep  13864 | Up   2600 | RMe    0.88 | RSd    0.84 | RMa    3.00 | RMi    0.00 | Pl   -0.036 | Vl    0.037 | El 0.0302 | Gr    0.098 | Fps   324 |
| T  10669 | Fr   3456000 | Ep  14400 | Up   2700 | RMe    1.16 | RSd    0.99 | RMa    4.00 | RMi    0.00 | Pl   -0.685 | Vl    0.022 | El 0.0302 | Gr    0.501 | Fps   323 |
| T  11064 | Fr   3584000 | Ep  14928 | Up   2800 | RMe    1.23 | RSd    1.02 | RMa    4.00 | RMi    0.00 | Pl    0.391 | Vl    0.043 | El 0.0302 | Gr    0.212 | Fps   323 |
| T  11456 | Fr   3712000 | Ep  15464 | Up   2900 | RMe    1.06 | RSd    0.96 | RMa    4.00 | RMi    0.00 | Pl   -0.032 | Vl    0.042 | El 0.0302 | Gr    0.060 | Fps   324 |
| T  11853 | Fr   3840000 | Ep  16000 | Up   3000 | RMe    1.17 | RSd    1.03 | RMa    6.00 | RMi    0.00 | Pl   -0.296 | Vl    0.034 | El 0.0303 | Gr    0.208 | Fps   323 |
| T  12242 | Fr   3968000 | Ep  16528 | Up   3100 | RMe    0.97 | RSd    0.93 | RMa    4.00 | RMi    0.00 | Pl    0.272 | Vl    0.044 | El 0.0302 | Gr    0.152 | Fps   324 |
| T  12631 | Fr   4096000 | Ep  17064 | Up   3200 | RMe    1.16 | RSd    1.04 | RMa    4.00 | RMi    0.00 | Pl   -0.314 | Vl    0.025 | El 0.0303 | Gr    0.145 | Fps   324 |
| T  13026 | Fr   4224000 | Ep  17600 | Up   3300 | RMe    1.21 | RSd    0.98 | RMa    5.00 | RMi    0.00 | Pl    0.043 | Vl    0.051 | El 0.0302 | Gr    0.077 | Fps   324 |
| T  13423 | Fr   4352000 | Ep  18128 | Up   3400 | RMe    1.34 | RSd    1.20 | RMa    5.00 | RMi    0.00 | Pl    0.777 | Vl    0.062 | El 0.0301 | Gr    0.521 | Fps   324 |
| T  13805 | Fr   4480000 | Ep  18664 | Up   3500 | RMe    1.20 | RSd    0.97 | RMa    4.00 | RMi    0.00 | Pl    0.161 | Vl    0.053 | El 0.0301 | Gr    0.133 | Fps   324 |
| T  14197 | Fr   4608000 | Ep  19200 | Up   3600 | RMe    1.01 | RSd    1.04 | RMa    4.00 | RMi    0.00 | Pl    0.395 | Vl    0.062 | El 0.0303 | Gr    0.178 | Fps   324 |
| T  14581 | Fr   4736000 | Ep  19728 | Up   3700 | RMe    1.01 | RSd    0.91 | RMa    3.00 | RMi    0.00 | Pl   -0.028 | Vl    0.021 | El 0.0302 | Gr    0.044 | Fps   324 |
| T  14969 | Fr   4864000 | Ep  20264 | Up   3800 | RMe    1.29 | RSd    1.19 | RMa    6.00 | RMi    0.00 | Pl   -0.684 | Vl    0.024 | El 0.0302 | Gr    0.382 | Fps   324 |
| T  15357 | Fr   4992000 | Ep  20800 | Up   3900 | RMe    1.16 | RSd    1.02 | RMa    4.00 | RMi    0.00 | Pl    0.114 | Vl    0.046 | El 0.0303 | Gr    0.071 | Fps   325 |
| T  15739 | Fr   5120000 | Ep  21328 | Up   4000 | RMe    1.25 | RSd    1.02 | RMa    4.00 | RMi    0.00 | Pl   -0.042 | Vl    0.023 | El 0.0302 | Gr    0.037 | Fps   325 |
| T  16146 | Fr   5248000 | Ep  21864 | Up   4100 | RMe    1.26 | RSd    1.18 | RMa    5.00 | RMi    0.00 | Pl   -0.266 | Vl    0.040 | El 0.0302 | Gr    0.155 | Fps   325 |
| T  16539 | Fr   5376000 | Ep  22400 | Up   4200 | RMe    0.86 | RSd    0.89 | RMa    5.00 | RMi    0.00 | Pl    0.653 | Vl    0.074 | El 0.0304 | Gr    0.224 | Fps   325 |
| T  16925 | Fr   5504000 | Ep  22928 | Up   4300 | RMe    1.11 | RSd    1.00 | RMa    4.00 | RMi    0.00 | Pl    0.104 | Vl    0.029 | El 0.0303 | Gr    0.053 | Fps   325 |
| T  17319 | Fr   5632000 | Ep  23464 | Up   4400 | RMe    1.13 | RSd    1.17 | RMa    5.00 | RMi    0.00 | Pl    0.285 | Vl    0.061 | El 0.0303 | Gr    0.130 | Fps   325 |
| T  17713 | Fr   5760000 | Ep  24000 | Up   4500 | RMe    1.12 | RSd    1.07 | RMa    5.00 | RMi    0.00 | Pl    0.079 | Vl    0.051 | El 0.0302 | Gr    0.178 | Fps   325 |
| T  18096 | Fr   5888000 | Ep  24528 | Up   4600 | RMe    1.13 | RSd    1.11 | RMa    4.00 | RMi    0.00 | Pl   -0.074 | Vl    0.023 | El 0.0301 | Gr    0.077 | Fps   325 |
| T  18494 | Fr   6016000 | Ep  25064 | Up   4700 | RMe    0.98 | RSd    0.89 | RMa    4.00 | RMi    0.00 | Pl   -0.079 | Vl    0.033 | El 0.0303 | Gr    0.115 | Fps   325 |
| T  18883 | Fr   6144000 | Ep  25600 | Up   4800 | RMe    1.11 | RSd    1.08 | RMa    4.00 | RMi    0.00 | Pl   -0.697 | Vl    0.013 | El 0.0303 | Gr    0.254 | Fps   325 |
| T  19271 | Fr   6272000 | Ep  26128 | Up   4900 | RMe    1.10 | RSd    0.94 | RMa    4.00 | RMi    0.00 | Pl   -0.072 | Vl    0.022 | El 0.0303 | Gr    0.064 | Fps   325 |
| T  19658 | Fr   6400000 | Ep  26664 | Up   5000 | RMe    1.13 | RSd    1.14 | RMa    5.00 | RMi    0.00 | Pl   -0.712 | Vl    0.020 | El 0.0302 | Gr    0.408 | Fps   325 |
| T  20055 | Fr   6528000 | Ep  27200 | Up   5100 | RMe    1.09 | RSd    0.90 | RMa    4.00 | RMi    0.00 | Pl   -0.309 | Vl    0.038 | El 0.0300 | Gr    0.253 | Fps   325 |
| T  20444 | Fr   6656000 | Ep  27728 | Up   5200 | RMe    1.28 | RSd    1.07 | RMa    5.00 | RMi    0.00 | Pl    0.374 | Vl    0.054 | El 0.0302 | Gr    0.229 | Fps   325 |
| T  20840 | Fr   6784000 | Ep  28264 | Up   5300 | RMe    1.33 | RSd    1.09 | RMa    5.00 | RMi    0.00 | Pl   -0.581 | Vl    0.029 | El 0.0301 | Gr    0.278 | Fps   325 |
| T  21239 | Fr   6912000 | Ep  28800 | Up   5400 | RMe    1.03 | RSd    0.99 | RMa    4.00 | RMi    0.00 | Pl   -0.221 | Vl    0.021 | El 0.0303 | Gr    0.097 | Fps   325 |
| T  21630 | Fr   7040000 | Ep  29328 | Up   5500 | RMe    1.12 | RSd    1.04 | RMa    4.00 | RMi    0.00 | Pl    0.070 | Vl    0.037 | El 0.0303 | Gr    0.135 | Fps   325 |
| T  22048 | Fr   7168000 | Ep  29864 | Up   5600 | RMe    1.02 | RSd    0.97 | RMa    4.00 | RMi    0.00 | Pl    0.123 | Vl    0.019 | El 0.0300 | Gr    0.137 | Fps   325 |
| T  22435 | Fr   7296000 | Ep  30400 | Up   5700 | RMe    1.29 | RSd    1.00 | RMa    4.00 | RMi    0.00 | Pl   -0.184 | Vl    0.025 | El 0.0304 | Gr    0.104 | Fps   325 |
| T  22851 | Fr   7424000 | Ep  30928 | Up   5800 | RMe    1.22 | RSd    0.94 | RMa    5.00 | RMi    0.00 | Pl    0.459 | Vl    0.045 | El 0.0303 | Gr    0.147 | Fps   324 |
| T  23245 | Fr   7552000 | Ep  31464 | Up   5900 | RMe    1.28 | RSd    1.03 | RMa    5.00 | RMi    0.00 | Pl    0.256 | Vl    0.034 | El 0.0304 | Gr    0.108 | Fps   324 |
| T  23629 | Fr   7680000 | Ep  32000 | Up   6000 | RMe    1.21 | RSd    0.93 | RMa    4.00 | RMi    0.00 | Pl   -0.018 | Vl    0.038 | El 0.0305 | Gr    0.149 | Fps   325 |
| T  24018 | Fr   7808000 | Ep  32528 | Up   6100 | RMe    1.61 | RSd    1.10 | RMa    7.00 | RMi    0.00 | Pl    0.353 | Vl    0.060 | El 0.0302 | Gr    0.216 | Fps   325 |
| T  24419 | Fr   7936000 | Ep  33064 | Up   6200 | RMe    1.38 | RSd    0.99 | RMa    5.00 | RMi    0.00 | Pl   -0.226 | Vl    0.032 | El 0.0302 | Gr    0.120 | Fps   324 |
| T  24812 | Fr   8064000 | Ep  33600 | Up   6300 | RMe    1.39 | RSd    1.13 | RMa    5.00 | RMi    0.00 | Pl    0.125 | Vl    0.040 | El 0.0303 | Gr    0.134 | Fps   325 |
| T  25201 | Fr   8192000 | Ep  34128 | Up   6400 | RMe    1.10 | RSd    0.99 | RMa    5.00 | RMi    0.00 | Pl    0.382 | Vl    0.046 | El 0.0304 | Gr    0.175 | Fps   325 |
| T  25609 | Fr   8320000 | Ep  34664 | Up   6500 | RMe    1.37 | RSd    0.93 | RMa    4.00 | RMi    0.00 | Pl    0.375 | Vl    0.066 | El 0.0304 | Gr    0.237 | Fps   324 |
| T  26009 | Fr   8448000 | Ep  35200 | Up   6600 | RMe    1.23 | RSd    1.03 | RMa    4.00 | RMi    0.00 | Pl   -0.280 | Vl    0.018 | El 0.0306 | Gr    0.107 | Fps   324 |
| T  26402 | Fr   8576000 | Ep  35728 | Up   6700 | RMe    1.42 | RSd    1.00 | RMa    5.00 | RMi    0.00 | Pl   -0.176 | Vl    0.029 | El 0.0305 | Gr    0.155 | Fps   324 |
| T  26812 | Fr   8704000 | Ep  36264 | Up   6800 | RMe    1.30 | RSd    1.02 | RMa    4.00 | RMi    0.00 | Pl   -0.136 | Vl    0.031 | El 0.0306 | Gr    0.085 | Fps   324 |
| T  27222 | Fr   8832000 | Ep  36800 | Up   6900 | RMe    1.44 | RSd    0.88 | RMa    4.00 | RMi    0.00 | Pl    0.070 | Vl    0.049 | El 0.0305 | Gr    0.121 | Fps   324 |
| T  27621 | Fr   8960000 | Ep  37328 | Up   7000 | RMe    1.49 | RSd    1.36 | RMa    6.00 | RMi    0.00 | Pl   -0.795 | Vl    0.023 | El 0.0304 | Gr    0.481 | Fps   324 |
| T  28012 | Fr   9088000 | Ep  37864 | Up   7100 | RMe    1.44 | RSd    1.11 | RMa    4.00 | RMi    0.00 | Pl   -0.678 | Vl    0.032 | El 0.0305 | Gr    0.248 | Fps   324 |
| T  28403 | Fr   9216000 | Ep  38400 | Up   7200 | RMe    1.36 | RSd    0.93 | RMa    4.00 | RMi    0.00 | Pl   -0.331 | Vl    0.026 | El 0.0306 | Gr    0.132 | Fps   324 |
| T  28797 | Fr   9344000 | Ep  38928 | Up   7300 | RMe    1.56 | RSd    1.05 | RMa    5.00 | RMi    0.00 | Pl    0.217 | Vl    0.052 | El 0.0303 | Gr    0.156 | Fps   324 |
| T  29210 | Fr   9472000 | Ep  39464 | Up   7400 | RMe    1.47 | RSd    1.10 | RMa    4.00 | RMi    0.00 | Pl   -0.298 | Vl    0.030 | El 0.0304 | Gr    0.117 | Fps   324 |
| T  29617 | Fr   9600000 | Ep  40000 | Up   7500 | RMe    1.49 | RSd    1.07 | RMa    5.00 | RMi    0.00 | Pl   -0.441 | Vl    0.028 | El 0.0306 | Gr    0.164 | Fps   324 |
| T  30008 | Fr   9728000 | Ep  40528 | Up   7600 | RMe    1.66 | RSd    1.06 | RMa    4.00 | RMi    0.00 | Pl    0.126 | Vl    0.039 | El 0.0304 | Gr    0.144 | Fps   324 |
| T  30415 | Fr   9856000 | Ep  41064 | Up   7700 | RMe    1.57 | RSd    1.14 | RMa    5.00 | RMi    0.00 | Pl   -0.158 | Vl    0.033 | El 0.0304 | Gr    0.152 | Fps   324 |
| T  30829 | Fr   9984000 | Ep  41600 | Up   7800 | RMe    1.52 | RSd    1.12 | RMa    4.00 | RMi    0.00 | Pl   -0.005 | Vl    0.021 | El 0.0303 | Gr    0.123 | Fps   323 |
| T  31243 | Fr  10112000 | Ep  42128 | Up   7900 | RMe    1.45 | RSd    1.15 | RMa    5.00 | RMi    0.00 | Pl    0.212 | Vl    0.043 | El 0.0305 | Gr    0.128 | Fps   323 |
| T  31669 | Fr  10240000 | Ep  42664 | Up   8000 | RMe    1.47 | RSd    1.01 | RMa    5.00 | RMi    0.00 | Pl    0.360 | Vl    0.051 | El 0.0304 | Gr    0.186 | Fps   323 |
| T  32060 | Fr  10368000 | Ep  43200 | Up   8100 | RMe    1.61 | RSd    0.98 | RMa    4.00 | RMi    0.00 | Pl   -0.272 | Vl    0.044 | El 0.0306 | Gr    0.145 | Fps   323 |
| T  32479 | Fr  10496000 | Ep  43728 | Up   8200 | RMe    1.81 | RSd    1.23 | RMa    5.00 | RMi    0.00 | Pl   -0.073 | Vl    0.044 | El 0.0303 | Gr    0.119 | Fps   323 |
| T  32882 | Fr  10624000 | Ep  44264 | Up   8300 | RMe    1.63 | RSd    1.06 | RMa    5.00 | RMi    0.00 | Pl    0.155 | Vl    0.047 | El 0.0304 | Gr    0.225 | Fps   323 |
| T  33280 | Fr  10752000 | Ep  44800 | Up   8400 | RMe    1.62 | RSd    1.25 | RMa    5.00 | RMi    0.00 | Pl    0.853 | Vl    0.052 | El 0.0305 | Gr    0.305 | Fps   323 |
| T  33660 | Fr  10880000 | Ep  45328 | Up   8500 | RMe    1.65 | RSd    1.22 | RMa    6.00 | RMi    0.00 | Pl   -0.149 | Vl    0.019 | El 0.0305 | Gr    0.110 | Fps   323 |
| T  34063 | Fr  11008000 | Ep  45864 | Up   8600 | RMe    1.60 | RSd    1.21 | RMa    4.00 | RMi    0.00 | Pl   -0.200 | Vl    0.033 | El 0.0305 | Gr    0.129 | Fps   323 |
| T  34478 | Fr  11136000 | Ep  46400 | Up   8700 | RMe    1.65 | RSd    1.12 | RMa    5.00 | RMi    0.00 | Pl   -0.354 | Vl    0.037 | El 0.0305 | Gr    0.126 | Fps   322 |
| T  34884 | Fr  11264000 | Ep  46928 | Up   8800 | RMe    1.68 | RSd    1.19 | RMa    5.00 | RMi    0.00 | Pl   -0.110 | Vl    0.037 | El 0.0304 | Gr    0.108 | Fps   322 |
| T  35279 | Fr  11392000 | Ep  47464 | Up   8900 | RMe    1.70 | RSd    1.09 | RMa    4.00 | RMi    0.00 | Pl   -0.024 | Vl    0.061 | El 0.0303 | Gr    0.261 | Fps   322 |
| T  35700 | Fr  11520000 | Ep  48000 | Up   9000 | RMe    1.50 | RSd    0.97 | RMa    3.00 | RMi    0.00 | Pl    0.366 | Vl    0.041 | El 0.0305 | Gr    0.159 | Fps   322 |
| T  36097 | Fr  11648000 | Ep  48528 | Up   9100 | RMe    1.93 | RSd    1.19 | RMa    5.00 | RMi    0.00 | Pl   -0.025 | Vl    0.055 | El 0.0302 | Gr    0.175 | Fps   322 |
| T  36505 | Fr  11776000 | Ep  49064 | Up   9200 | RMe    1.67 | RSd    1.24 | RMa    5.00 | RMi    0.00 | Pl   -0.359 | Vl    0.036 | El 0.0304 | Gr    0.178 | Fps   322 |
| T  36898 | Fr  11904000 | Ep  49600 | Up   9300 | RMe    1.48 | RSd    1.07 | RMa    4.00 | RMi    0.00 | Pl    0.280 | Vl    0.065 | El 0.0303 | Gr    0.248 | Fps   322 |
| T  37303 | Fr  12032000 | Ep  50128 | Up   9400 | RMe    1.77 | RSd    1.25 | RMa    5.00 | RMi    0.00 | Pl    0.735 | Vl    0.072 | El 0.0303 | Gr    0.309 | Fps   322 |
| T  37701 | Fr  12160000 | Ep  50664 | Up   9500 | RMe    1.68 | RSd    1.13 | RMa    5.00 | RMi    0.00 | Pl    0.053 | Vl    0.048 | El 0.0303 | Gr    0.249 | Fps   322 |
| T  38104 | Fr  12288000 | Ep  51200 | Up   9600 | RMe    1.43 | RSd    1.03 | RMa    5.00 | RMi    0.00 | Pl    0.624 | Vl    0.055 | El 0.0305 | Gr    0.214 | Fps   322 |
| T  38498 | Fr  12416000 | Ep  51728 | Up   9700 | RMe    1.62 | RSd    1.08 | RMa    5.00 | RMi    0.00 | Pl    0.175 | Vl    0.072 | El 0.0303 | Gr    0.191 | Fps   322 |
| T  38918 | Fr  12544000 | Ep  52264 | Up   9800 | RMe    1.71 | RSd    1.23 | RMa    6.00 | RMi    0.00 | Pl   -0.032 | Vl    0.043 | El 0.0304 | Gr    0.155 | Fps   322 |
| T  39315 | Fr  12672000 | Ep  52800 | Up   9900 | RMe    1.72 | RSd    1.24 | RMa    6.00 | RMi    0.00 | Pl    0.183 | Vl    0.046 | El 0.0303 | Gr    0.173 | Fps   322 |
| T  39726 | Fr  12800000 | Ep  53328 | Up  10000 | RMe    1.72 | RSd    1.07 | RMa    5.00 | RMi    0.00 | Pl    0.332 | Vl    0.045 | El 0.0304 | Gr    0.159 | Fps   322 |
| T  40135 | Fr  12928000 | Ep  53864 | Up  10100 | RMe    1.82 | RSd    1.13 | RMa    5.00 | RMi    0.00 | Pl    0.333 | Vl    0.050 | El 0.0303 | Gr    0.170 | Fps   322 |
| T  40544 | Fr  13056000 | Ep  54400 | Up  10200 | RMe    1.96 | RSd    1.20 | RMa    6.00 | RMi    0.00 | Pl   -0.390 | Vl    0.052 | El 0.0303 | Gr    0.217 | Fps   322 |
| T  40938 | Fr  13184000 | Ep  54928 | Up  10300 | RMe    1.74 | RSd    1.03 | RMa    4.00 | RMi    0.00 | Pl    0.314 | Vl    0.063 | El 0.0303 | Gr    0.200 | Fps   322 |
| T  41336 | Fr  13312000 | Ep  55464 | Up  10400 | RMe    1.75 | RSd    1.13 | RMa    4.00 | RMi    0.00 | Pl   -0.173 | Vl    0.038 | El 0.0303 | Gr    0.123 | Fps   322 |
| T  41746 | Fr  13440000 | Ep  56000 | Up  10500 | RMe    1.54 | RSd    1.19 | RMa    5.00 | RMi    0.00 | Pl   -0.152 | Vl    0.030 | El 0.0307 | Gr    0.134 | Fps   321 |
| T  42132 | Fr  13568000 | Ep  56528 | Up  10600 | RMe    1.80 | RSd    1.18 | RMa    5.00 | RMi    0.00 | Pl    0.328 | Vl    0.041 | El 0.0305 | Gr    0.212 | Fps   322 |
| T  42525 | Fr  13696000 | Ep  57064 | Up  10700 | RMe    1.76 | RSd    1.03 | RMa    4.00 | RMi    0.00 | Pl   -0.227 | Vl    0.037 | El 0.0305 | Gr    0.111 | Fps   322 |
| T  42925 | Fr  13824000 | Ep  57600 | Up  10800 | RMe    1.73 | RSd    1.08 | RMa    5.00 | RMi    0.00 | Pl    0.077 | Vl    0.042 | El 0.0304 | Gr    0.103 | Fps   322 |
| T  43330 | Fr  13952000 | Ep  58128 | Up  10900 | RMe    1.98 | RSd    1.21 | RMa    6.00 | RMi    0.00 | Pl    0.010 | Vl    0.037 | El 0.0304 | Gr    0.142 | Fps   321 |
| T  43751 | Fr  14080000 | Ep  58664 | Up  11000 | RMe    1.64 | RSd    0.94 | RMa    4.00 | RMi    0.00 | Pl   -0.441 | Vl    0.038 | El 0.0305 | Gr    0.175 | Fps   321 |
| T  44138 | Fr  14208000 | Ep  59200 | Up  11100 | RMe    1.76 | RSd    1.33 | RMa    6.00 | RMi    0.00 | Pl   -0.248 | Vl    0.030 | El 0.0306 | Gr    0.095 | Fps   321 |
| T  44530 | Fr  14336000 | Ep  59728 | Up  11200 | RMe    1.80 | RSd    1.01 | RMa    5.00 | RMi    0.00 | Pl    0.279 | Vl    0.052 | El 0.0304 | Gr    0.199 | Fps   321 |
| T  44924 | Fr  14464000 | Ep  60264 | Up  11300 | RMe    1.74 | RSd    1.00 | RMa    4.00 | RMi    0.00 | Pl   -0.394 | Vl    0.038 | El 0.0304 | Gr    0.190 | Fps   321 |
| T  45320 | Fr  14592000 | Ep  60800 | Up  11400 | RMe    1.89 | RSd    1.09 | RMa    5.00 | RMi    0.00 | Pl   -0.517 | Vl    0.039 | El 0.0305 | Gr    0.215 | Fps   321 |
| T  45726 | Fr  14720000 | Ep  61328 | Up  11500 | RMe    1.72 | RSd    0.95 | RMa    4.00 | RMi    0.00 | Pl   -0.359 | Vl    0.038 | El 0.0304 | Gr    0.201 | Fps   321 |
| T  46120 | Fr  14848000 | Ep  61864 | Up  11600 | RMe    1.65 | RSd    1.15 | RMa    5.00 | RMi    0.00 | Pl   -0.253 | Vl    0.035 | El 0.0305 | Gr    0.118 | Fps   321 |
| T  46509 | Fr  14976000 | Ep  62400 | Up  11700 | RMe    1.72 | RSd    1.16 | RMa    6.00 | RMi    0.00 | Pl   -0.632 | Vl    0.029 | El 0.0305 | Gr    0.238 | Fps   322 |
| T  46909 | Fr  15104000 | Ep  62928 | Up  11800 | RMe    1.92 | RSd    1.11 | RMa    6.00 | RMi    0.00 | Pl    1.029 | Vl    0.066 | El 0.0303 | Gr    0.398 | Fps   321 |
| T  47285 | Fr  15232000 | Ep  63464 | Up  11900 | RMe    1.75 | RSd    0.97 | RMa    4.00 | RMi    0.00 | Pl   -0.696 | Vl    0.028 | El 0.0304 | Gr    0.248 | Fps   322 |
| T  47682 | Fr  15360000 | Ep  64000 | Up  12000 | RMe    1.96 | RSd    1.07 | RMa    5.00 | RMi    0.00 | Pl   -0.263 | Vl    0.035 | El 0.0304 | Gr    0.163 | Fps   322 |
| T  48065 | Fr  15488000 | Ep  64528 | Up  12100 | RMe    1.71 | RSd    1.10 | RMa    4.00 | RMi    0.00 | Pl   -0.289 | Vl    0.033 | El 0.0305 | Gr    0.164 | Fps   322 |
| T  48459 | Fr  15616000 | Ep  65064 | Up  12200 | RMe    1.54 | RSd    1.08 | RMa    4.00 | RMi    0.00 | Pl    0.760 | Vl    0.093 | El 0.0303 | Gr    0.322 | Fps   322 |
| T  48866 | Fr  15744000 | Ep  65600 | Up  12300 | RMe    1.70 | RSd    1.14 | RMa    6.00 | RMi    0.00 | Pl   -0.048 | Vl    0.026 | El 0.0304 | Gr    0.080 | Fps   322 |
| T  49275 | Fr  15872000 | Ep  66128 | Up  12400 | RMe    1.67 | RSd    1.10 | RMa    5.00 | RMi    0.00 | Pl    0.361 | Vl    0.056 | El 0.0305 | Gr    0.150 | Fps   322 |
| T  49679 | Fr  16000000 | Ep  66664 | Up  12500 | RMe    1.91 | RSd    1.22 | RMa    5.00 | RMi    0.00 | Pl   -0.727 | Vl    0.025 | El 0.0304 | Gr    0.258 | Fps   322 |
| T  50074 | Fr  16128000 | Ep  67200 | Up  12600 | RMe    1.81 | RSd    1.20 | RMa    5.00 | RMi    0.00 | Pl    0.502 | Vl    0.052 | El 0.0304 | Gr    0.263 | Fps   322 |
| T  50478 | Fr  16256000 | Ep  67728 | Up  12700 | RMe    1.76 | RSd    1.04 | RMa    4.00 | RMi    0.00 | Pl   -0.052 | Vl    0.028 | El 0.0305 | Gr    0.101 | Fps   322 |
| T  50883 | Fr  16384000 | Ep  68264 | Up  12800 | RMe    1.87 | RSd    1.15 | RMa    5.00 | RMi    0.00 | Pl   -0.398 | Vl    0.055 | El 0.0303 | Gr    0.242 | Fps   321 |
| T  51277 | Fr  16512000 | Ep  68800 | Up  12900 | RMe    1.76 | RSd    1.34 | RMa    7.00 | RMi    0.00 | Pl   -0.548 | Vl    0.028 | El 0.0305 | Gr    0.211 | Fps   322 |
| T  51668 | Fr  16640000 | Ep  69328 | Up  13000 | RMe    1.84 | RSd    1.15 | RMa    5.00 | RMi    0.00 | Pl    0.566 | Vl    0.059 | El 0.0304 | Gr    0.206 | Fps   322 |
| T  52062 | Fr  16768000 | Ep  69864 | Up  13100 | RMe    2.16 | RSd    1.28 | RMa    6.00 | RMi    0.00 | Pl   -0.636 | Vl    0.060 | El 0.0304 | Gr    0.333 | Fps   322 |
| T  52459 | Fr  16896000 | Ep  70400 | Up  13200 | RMe    1.83 | RSd    1.07 | RMa    5.00 | RMi    0.00 | Pl   -0.097 | Vl    0.048 | El 0.0304 | Gr    0.145 | Fps   322 |
| T  52859 | Fr  17024000 | Ep  70928 | Up  13300 | RMe    1.83 | RSd    1.11 | RMa    5.00 | RMi    0.00 | Pl    0.151 | Vl    0.054 | El 0.0303 | Gr    0.131 | Fps   322 |
| T  53266 | Fr  17152000 | Ep  71464 | Up  13400 | RMe    1.52 | RSd    1.13 | RMa    5.00 | RMi    0.00 | Pl    0.082 | Vl    0.026 | El 0.0304 | Gr    0.087 | Fps   322 |
| T  53668 | Fr  17280000 | Ep  72000 | Up  13500 | RMe    1.90 | RSd    1.12 | RMa    5.00 | RMi    0.00 | Pl   -0.628 | Vl    0.039 | El 0.0302 | Gr    0.309 | Fps   321 |
| T  54073 | Fr  17408000 | Ep  72528 | Up  13600 | RMe    1.67 | RSd    1.07 | RMa    5.00 | RMi    0.00 | Pl   -0.076 | Vl    0.044 | El 0.0304 | Gr    0.126 | Fps   321 |
| T  54473 | Fr  17536000 | Ep  73064 | Up  13700 | RMe    1.77 | RSd    1.14 | RMa    5.00 | RMi    0.00 | Pl    0.537 | Vl    0.070 | El 0.0304 | Gr    0.236 | Fps   321 |
| T  54870 | Fr  17664000 | Ep  73600 | Up  13800 | RMe    1.64 | RSd    1.21 | RMa    5.00 | RMi    0.00 | Pl    0.206 | Vl    0.040 | El 0.0305 | Gr    0.170 | Fps   321 |
| T  55266 | Fr  17792000 | Ep  74128 | Up  13900 | RMe    1.98 | RSd    1.17 | RMa    5.00 | RMi    0.00 | Pl    0.214 | Vl    0.048 | El 0.0303 | Gr    0.168 | Fps   321 |
| T  55665 | Fr  17920000 | Ep  74664 | Up  14000 | RMe    1.86 | RSd    1.01 | RMa    4.00 | RMi    0.00 | Pl   -0.177 | Vl    0.037 | El 0.0304 | Gr    0.141 | Fps   321 |
| T  56059 | Fr  18048000 | Ep  75200 | Up  14100 | RMe    1.86 | RSd    1.38 | RMa    6.00 | RMi    0.00 | Pl    0.106 | Vl    0.039 | El 0.0304 | Gr    0.142 | Fps   321 |
| T  56446 | Fr  18176000 | Ep  75728 | Up  14200 | RMe    1.66 | RSd    1.22 | RMa    6.00 | RMi    0.00 | Pl    0.308 | Vl    0.034 | El 0.0304 | Gr    0.206 | Fps   322 |
| T  56853 | Fr  18304000 | Ep  76264 | Up  14300 | RMe    1.99 | RSd    1.29 | RMa    7.00 | RMi    0.00 | Pl    0.125 | Vl    0.060 | El 0.0303 | Gr    0.270 | Fps   321 |
| T  57267 | Fr  18432000 | Ep  76800 | Up  14400 | RMe    1.80 | RSd    1.13 | RMa    5.00 | RMi    0.00 | Pl   -0.356 | Vl    0.036 | El 0.0304 | Gr    0.171 | Fps   321 |
| T  57667 | Fr  18560000 | Ep  77328 | Up  14500 | RMe    1.88 | RSd    1.12 | RMa    5.00 | RMi    0.00 | Pl    0.785 | Vl    0.072 | El 0.0301 | Gr    0.452 | Fps   321 |
| T  58067 | Fr  18688000 | Ep  77864 | Up  14600 | RMe    1.94 | RSd    1.12 | RMa    5.00 | RMi    0.00 | Pl    0.207 | Vl    0.063 | El 0.0302 | Gr    0.229 | Fps   321 |
| T  58471 | Fr  18816000 | Ep  78400 | Up  14700 | RMe    2.01 | RSd    1.24 | RMa    6.00 | RMi    0.00 | Pl    0.073 | Vl    0.052 | El 0.0302 | Gr    0.182 | Fps   321 |
| T  58852 | Fr  18944000 | Ep  78928 | Up  14800 | RMe    1.76 | RSd    1.06 | RMa    5.00 | RMi    0.00 | Pl    0.026 | Vl    0.038 | El 0.0304 | Gr    0.136 | Fps   321 |
| T  59249 | Fr  19072000 | Ep  79464 | Up  14900 | RMe    1.75 | RSd    1.11 | RMa    5.00 | RMi    0.00 | Pl   -0.047 | Vl    0.045 | El 0.0304 | Gr    0.123 | Fps   321 |
| T  59648 | Fr  19200000 | Ep  80000 | Up  15000 | RMe    1.96 | RSd    1.06 | RMa    5.00 | RMi    0.00 | Pl    0.034 | Vl    0.048 | El 0.0304 | Gr    0.106 | Fps   321 |
| T  60031 | Fr  19328000 | Ep  80528 | Up  15100 | RMe    1.65 | RSd    1.37 | RMa    7.00 | RMi    0.00 | Pl    0.218 | Vl    0.069 | El 0.0303 | Gr    0.147 | Fps   321 |
| T  60432 | Fr  19456000 | Ep  81064 | Up  15200 | RMe    1.77 | RSd    0.99 | RMa    4.00 | RMi    0.00 | Pl    0.258 | Vl    0.058 | El 0.0304 | Gr    0.180 | Fps   321 |
| T  60816 | Fr  19584000 | Ep  81600 | Up  15300 | RMe    1.87 | RSd    1.06 | RMa    4.00 | RMi    0.00 | Pl    0.105 | Vl    0.053 | El 0.0303 | Gr    0.111 | Fps   322 |
| T  61208 | Fr  19712000 | Ep  82128 | Up  15400 | RMe    2.23 | RSd    1.21 | RMa    5.00 | RMi    0.00 | Pl   -0.032 | Vl    0.042 | El 0.0302 | Gr    0.145 | Fps   322 |
| T  61601 | Fr  19840000 | Ep  82664 | Up  15500 | RMe    1.92 | RSd    1.06 | RMa    5.00 | RMi    0.00 | Pl    0.434 | Vl    0.062 | El 0.0302 | Gr    0.178 | Fps   322 |
| T  62010 | Fr  19968000 | Ep  83200 | Up  15600 | RMe    1.77 | RSd    0.99 | RMa    5.00 | RMi    0.00 | Pl   -0.618 | Vl    0.054 | El 0.0303 | Gr    0.280 | Fps   322 |
| T  62414 | Fr  20096000 | Ep  83728 | Up  15700 | RMe    1.89 | RSd    1.04 | RMa    5.00 | RMi    0.00 | Pl    0.483 | Vl    0.072 | El 0.0300 | Gr    0.362 | Fps   321 |
| T  62821 | Fr  20224000 | Ep  84264 | Up  15800 | RMe    1.99 | RSd    1.14 | RMa    5.00 | RMi    0.00 | Pl   -0.720 | Vl    0.036 | El 0.0301 | Gr    0.376 | Fps   321 |
| T  63235 | Fr  20352000 | Ep  84800 | Up  15900 | RMe    2.06 | RSd    1.26 | RMa    7.00 | RMi    0.00 | Pl   -0.480 | Vl    0.045 | El 0.0303 | Gr    0.224 | Fps   321 |
| T  63643 | Fr  20480000 | Ep  85328 | Up  16000 | RMe    1.90 | RSd    1.12 | RMa    5.00 | RMi    0.00 | Pl    0.496 | Vl    0.053 | El 0.0303 | Gr    0.206 | Fps   321 |
| T  64045 | Fr  20608000 | Ep  85864 | Up  16100 | RMe    2.21 | RSd    1.17 | RMa    6.00 | RMi    0.00 | Pl    0.471 | Vl    0.064 | El 0.0301 | Gr    0.275 | Fps   321 |
| T  64442 | Fr  20736000 | Ep  86400 | Up  16200 | RMe    2.06 | RSd    1.20 | RMa    7.00 | RMi    0.00 | Pl   -0.160 | Vl    0.041 | El 0.0303 | Gr    0.229 | Fps   321 |
| T  64849 | Fr  20864000 | Ep  86928 | Up  16300 | RMe    2.03 | RSd    1.16 | RMa    7.00 | RMi    0.00 | Pl   -0.203 | Vl    0.037 | El 0.0300 | Gr    0.196 | Fps   321 |
| T  65257 | Fr  20992000 | Ep  87464 | Up  16400 | RMe    2.26 | RSd    1.25 | RMa    5.00 | RMi    0.00 | Pl   -0.844 | Vl    0.039 | El 0.0299 | Gr    0.426 | Fps   321 |
| T  65653 | Fr  21120000 | Ep  88000 | Up  16500 | RMe    2.20 | RSd    1.14 | RMa    5.00 | RMi    0.00 | Pl    0.043 | Vl    0.041 | El 0.0303 | Gr    0.156 | Fps   321 |
| T  66057 | Fr  21248000 | Ep  88528 | Up  16600 | RMe    2.06 | RSd    1.17 | RMa    5.00 | RMi    0.00 | Pl    0.187 | Vl    0.047 | El 0.0302 | Gr    0.143 | Fps   321 |
| T  66450 | Fr  21376000 | Ep  89064 | Up  16700 | RMe    1.97 | RSd    1.09 | RMa    5.00 | RMi    0.00 | Pl    0.579 | Vl    0.067 | El 0.0302 | Gr    0.248 | Fps   321 |
| T  66857 | Fr  21504000 | Ep  89600 | Up  16800 | RMe    2.08 | RSd    1.17 | RMa    5.00 | RMi    0.00 | Pl   -0.386 | Vl    0.048 | El 0.0304 | Gr    0.167 | Fps   321 |
| T  67264 | Fr   1408000 | Ep  90128 | Up   1100 | RMe    1.41 | RSd    1.04 | RMa    4.00 | RMi    0.00 | Pl   -0.134 | Vl    0.034 | El 0.0302 | Gr    0.295 | Fps    20 |
| T  67668 | Fr   1536000 | Ep  90664 | Up   1200 | RMe    1.57 | RSd    1.14 | RMa    5.00 | RMi    0.00 | Pl   -0.464 | Vl    0.050 | El 0.0301 | Gr    0.454 | Fps    22 |
| T  68067 | Fr   1664000 | Ep  91200 | Up   1300 | RMe    1.28 | RSd    1.00 | RMa    4.00 | RMi    0.00 | Pl   -0.039 | Vl    0.050 | El 0.0304 | Gr    0.086 | Fps    24 |
| T  68492 | Fr   1792000 | Ep  91728 | Up   1400 | RMe    1.26 | RSd    1.04 | RMa    4.00 | RMi    0.00 | Pl   -0.232 | Vl    0.024 | El 0.0305 | Gr    0.209 | Fps    26 |
| T  68903 | Fr   1920000 | Ep  92264 | Up   1500 | RMe    1.32 | RSd    0.98 | RMa    4.00 | RMi    0.00 | Pl   -0.188 | Vl    0.033 | El 0.0305 | Gr    0.165 | Fps    27 |
| T  69320 | Fr   2048000 | Ep  92800 | Up   1600 | RMe    1.32 | RSd    1.05 | RMa    4.00 | RMi    0.00 | Pl    0.008 | Vl    0.032 | El 0.0305 | Gr    0.081 | Fps    29 |
| T  69744 | Fr   2176000 | Ep  93328 | Up   1700 | RMe    1.17 | RSd    1.03 | RMa    4.00 | RMi    0.00 | Pl    0.102 | Vl    0.048 | El 0.0304 | Gr    0.152 | Fps    31 |
| T  70144 | Fr   2304000 | Ep  93864 | Up   1800 | RMe    1.47 | RSd    1.06 | RMa    5.00 | RMi    0.00 | Pl    0.043 | Vl    0.035 | El 0.0305 | Gr    0.136 | Fps    32 |
| T  70573 | Fr   2432000 | Ep  94400 | Up   1900 | RMe    1.26 | RSd    0.91 | RMa    4.00 | RMi    0.00 | Pl   -0.085 | Vl    0.038 | El 0.0304 | Gr    0.125 | Fps    34 |
| T  70981 | Fr   2560000 | Ep  94928 | Up   2000 | RMe    1.17 | RSd    1.03 | RMa    5.00 | RMi    0.00 | Pl   -0.134 | Vl    0.022 | El 0.0303 | Gr    0.102 | Fps    36 |
| T  71376 | Fr   2688000 | Ep  95464 | Up   2100 | RMe    1.66 | RSd    1.20 | RMa    5.00 | RMi    0.00 | Pl   -0.404 | Vl    0.018 | El 0.0304 | Gr    0.305 | Fps    37 |
| T  71800 | Fr   2816000 | Ep  96000 | Up   2200 | RMe    1.54 | RSd    1.11 | RMa    4.00 | RMi    0.00 | Pl   -0.181 | Vl    0.032 | El 0.0303 | Gr    0.154 | Fps    39 |
| T  72207 | Fr   2944000 | Ep  96528 | Up   2300 | RMe    1.35 | RSd    1.00 | RMa    4.00 | RMi    0.00 | Pl    0.497 | Vl    0.052 | El 0.0303 | Gr    0.508 | Fps    40 |
| T  72613 | Fr   3072000 | Ep  97064 | Up   2400 | RMe    1.51 | RSd    1.08 | RMa    5.00 | RMi    0.00 | Pl   -0.458 | Vl    0.033 | El 0.0304 | Gr    0.363 | Fps    42 |
| T  73022 | Fr   3200000 | Ep  97600 | Up   2500 | RMe    1.43 | RSd    1.08 | RMa    4.00 | RMi    0.00 | Pl    0.182 | Vl    0.048 | El 0.0304 | Gr    0.152 | Fps    43 |
| T  73427 | Fr   3328000 | Ep  98128 | Up   2600 | RMe    1.58 | RSd    1.19 | RMa    5.00 | RMi    0.00 | Pl    0.590 | Vl    0.055 | El 0.0303 | Gr    0.386 | Fps    45 |
| T  73846 | Fr   3456000 | Ep  98664 | Up   2700 | RMe    1.43 | RSd    1.14 | RMa    5.00 | RMi    0.00 | Pl   -0.151 | Vl    0.049 | El 0.0304 | Gr    0.131 | Fps    46 |
| T  74272 | Fr   3584000 | Ep  99200 | Up   2800 | RMe    1.43 | RSd    1.08 | RMa    5.00 | RMi    0.00 | Pl    0.418 | Vl    0.059 | El 0.0306 | Gr    0.218 | Fps    48 |
| T  74706 | Fr   3712000 | Ep  99728 | Up   2900 | RMe    1.60 | RSd    1.16 | RMa    5.00 | RMi    0.00 | Pl   -0.375 | Vl    0.026 | El 0.0304 | Gr    0.329 | Fps    49 |
| T  75128 | Fr   3840000 | Ep 100264 | Up   3000 | RMe    1.32 | RSd    1.13 | RMa    4.00 | RMi    0.00 | Pl    0.332 | Vl    0.058 | El 0.0302 | Gr    0.334 | Fps    51 |
| T  75541 | Fr   3968000 | Ep 100800 | Up   3100 | RMe    1.54 | RSd    0.89 | RMa    3.00 | RMi    0.00 | Pl   -0.259 | Vl    0.040 | El 0.0305 | Gr    0.247 | Fps    52 |
| T  75975 | Fr   4096000 | Ep 101328 | Up   3200 | RMe    1.45 | RSd    1.19 | RMa    5.00 | RMi    0.00 | Pl   -0.268 | Vl    0.024 | El 0.0305 | Gr    0.233 | Fps    53 |
| T  76398 | Fr   4224000 | Ep 101864 | Up   3300 | RMe    1.59 | RSd    1.11 | RMa    6.00 | RMi    0.00 | Pl   -0.292 | Vl    0.024 | El 0.0305 | Gr    0.169 | Fps    55 |
| T  76810 | Fr   4352000 | Ep 102400 | Up   3400 | RMe    1.57 | RSd    1.06 | RMa    4.00 | RMi    0.00 | Pl    0.440 | Vl    0.049 | El 0.0305 | Gr    0.286 | Fps    56 |
| T  77232 | Fr   4480000 | Ep 102928 | Up   3500 | RMe    1.42 | RSd    1.23 | RMa    5.00 | RMi    0.00 | Pl   -0.249 | Vl    0.024 | El 0.0305 | Gr    0.180 | Fps    58 |
| T  77667 | Fr   4608000 | Ep 103464 | Up   3600 | RMe    1.53 | RSd    1.18 | RMa    5.00 | RMi    0.00 | Pl   -0.184 | Vl    0.031 | El 0.0305 | Gr    0.157 | Fps    59 |
| T  78091 | Fr   4736000 | Ep 104000 | Up   3700 | RMe    1.53 | RSd    1.28 | RMa    5.00 | RMi    0.00 | Pl   -0.437 | Vl    0.029 | El 0.0305 | Gr    0.333 | Fps    60 |
| T  78492 | Fr   4864000 | Ep 104528 | Up   3800 | RMe    1.61 | RSd    1.22 | RMa    6.00 | RMi    0.00 | Pl   -0.089 | Vl    0.029 | El 0.0305 | Gr    0.083 | Fps    61 |
| T  78922 | Fr   4992000 | Ep 105064 | Up   3900 | RMe    1.67 | RSd    1.18 | RMa    6.00 | RMi    0.00 | Pl   -0.227 | Vl    0.035 | El 0.0304 | Gr    0.149 | Fps    63 |
| T  79349 | Fr   5120000 | Ep 105600 | Up   4000 | RMe    1.48 | RSd    1.11 | RMa    7.00 | RMi    0.00 | Pl   -0.071 | Vl    0.030 | El 0.0306 | Gr    0.123 | Fps    64 |
| T  79772 | Fr   5248000 | Ep 106128 | Up   4100 | RMe    1.46 | RSd    1.14 | RMa    5.00 | RMi    0.00 | Pl    0.011 | Vl    0.036 | El 0.0304 | Gr    0.076 | Fps    65 |
| T  80178 | Fr   5376000 | Ep 106664 | Up   4200 | RMe    1.36 | RSd    1.03 | RMa    4.00 | RMi    0.00 | Pl    0.314 | Vl    0.044 | El 0.0305 | Gr    0.213 | Fps    67 |
| T  80617 | Fr   5504000 | Ep 107200 | Up   4300 | RMe    1.54 | RSd    1.01 | RMa    5.00 | RMi    0.00 | Pl    0.158 | Vl    0.031 | El 0.0306 | Gr    0.200 | Fps    68 |
| T  81038 | Fr   5632000 | Ep 107728 | Up   4400 | RMe    1.46 | RSd    1.00 | RMa    4.00 | RMi    0.00 | Pl    0.675 | Vl    0.056 | El 0.0304 | Gr    0.484 | Fps    69 |
| T  81452 | Fr   5760000 | Ep 108264 | Up   4500 | RMe    1.35 | RSd    1.06 | RMa    5.00 | RMi    0.00 | Pl   -0.050 | Vl    0.021 | El 0.0305 | Gr    0.086 | Fps    70 |
| T  81848 | Fr   5888000 | Ep 108800 | Up   4600 | RMe    1.68 | RSd    1.10 | RMa    5.00 | RMi    0.00 | Pl   -0.004 | Vl    0.045 | El 0.0304 | Gr    0.168 | Fps    71 |
| T  82253 | Fr   6016000 | Ep 109328 | Up   4700 | RMe    1.50 | RSd    1.05 | RMa    4.00 | RMi    0.00 | Pl    0.062 | Vl    0.038 | El 0.0304 | Gr    0.133 | Fps    73 |
| T  82670 | Fr   6144000 | Ep 109864 | Up   4800 | RMe    1.58 | RSd    0.87 | RMa    4.00 | RMi    0.00 | Pl    0.314 | Vl    0.060 | El 0.0305 | Gr    0.276 | Fps    74 |
| T  83077 | Fr   6272000 | Ep 110400 | Up   4900 | RMe    1.59 | RSd    1.11 | RMa    5.00 | RMi    0.00 | Pl    0.048 | Vl    0.042 | El 0.0303 | Gr    0.124 | Fps    75 |
| T  83505 | Fr   6400000 | Ep 110928 | Up   5000 | RMe    1.67 | RSd    1.15 | RMa    6.00 | RMi    0.00 | Pl    0.387 | Vl    0.046 | El 0.0305 | Gr    0.267 | Fps    76 |
| T  83910 | Fr   6528000 | Ep 111464 | Up   5100 | RMe    1.65 | RSd    1.18 | RMa    5.00 | RMi    0.00 | Pl   -0.141 | Vl    0.034 | El 0.0304 | Gr    0.126 | Fps    77 |
| T  84315 | Fr   6656000 | Ep 112000 | Up   5200 | RMe    1.65 | RSd    0.90 | RMa    3.00 | RMi    0.00 | Pl   -0.373 | Vl    0.040 | El 0.0304 | Gr    0.331 | Fps    78 |
| T  84731 | Fr   6784000 | Ep 112528 | Up   5300 | RMe    1.65 | RSd    1.22 | RMa    6.00 | RMi    0.00 | Pl   -0.171 | Vl    0.028 | El 0.0306 | Gr    0.163 | Fps    80 |
| T  85140 | Fr   6912000 | Ep 113064 | Up   5400 | RMe    1.90 | RSd    1.18 | RMa    4.00 | RMi    0.00 | Pl   -1.089 | Vl    0.066 | El 0.0304 | Gr    0.846 | Fps    81 |
| T  85546 | Fr   7040000 | Ep 113600 | Up   5500 | RMe    1.56 | RSd    1.13 | RMa    4.00 | RMi    0.00 | Pl    0.629 | Vl    0.115 | El 0.0305 | Gr    0.267 | Fps    82 |
| T  85979 | Fr   7168000 | Ep 114128 | Up   5600 | RMe    1.76 | RSd    1.15 | RMa    4.00 | RMi    0.00 | Pl    0.437 | Vl    0.062 | El 0.0304 | Gr    0.360 | Fps    83 |
| T  86396 | Fr   7296000 | Ep 114664 | Up   5700 | RMe    1.65 | RSd    1.07 | RMa    5.00 | RMi    0.00 | Pl   -0.017 | Vl    0.087 | El 0.0303 | Gr    0.251 | Fps    84 |
| T  86820 | Fr   7424000 | Ep 115200 | Up   5800 | RMe    1.71 | RSd    1.16 | RMa    5.00 | RMi    0.00 | Pl   -0.055 | Vl    0.041 | El 0.0305 | Gr    0.116 | Fps    85 |
| T  87260 | Fr   7552000 | Ep 115728 | Up   5900 | RMe    1.57 | RSd    0.96 | RMa    4.00 | RMi    0.00 | Pl    0.905 | Vl    0.057 | El 0.0305 | Gr    0.595 | Fps    86 |
| T  87688 | Fr   7680000 | Ep 116264 | Up   6000 | RMe    1.58 | RSd    1.14 | RMa    5.00 | RMi    0.00 | Pl   -0.200 | Vl    0.027 | El 0.0304 | Gr    0.175 | Fps    87 |
| T  88102 | Fr   7808000 | Ep 116800 | Up   6100 | RMe    1.56 | RSd    1.04 | RMa    5.00 | RMi    0.00 | Pl    0.108 | Vl    0.033 | El 0.0304 | Gr    0.122 | Fps    88 |
| T  88503 | Fr   7936000 | Ep 117328 | Up   6200 | RMe    1.90 | RSd    1.27 | RMa    5.00 | RMi    0.00 | Pl   -0.309 | Vl    0.037 | El 0.0304 | Gr    0.380 | Fps    89 |
| T  88931 | Fr   8064000 | Ep 117864 | Up   6300 | RMe    1.71 | RSd    1.07 | RMa    5.00 | RMi    0.00 | Pl    0.347 | Vl    0.065 | El 0.0304 | Gr    0.234 | Fps    90 |
| T  89335 | Fr   8192000 | Ep 118400 | Up   6400 | RMe    1.53 | RSd    1.14 | RMa    5.00 | RMi    0.00 | Pl   -0.829 | Vl    0.023 | El 0.0305 | Gr    0.384 | Fps    91 |
| T  89740 | Fr   8320000 | Ep 118928 | Up   6500 | RMe    1.82 | RSd    1.31 | RMa    6.00 | RMi    0.00 | Pl    0.104 | Vl    0.043 | El 0.0303 | Gr    0.218 | Fps    92 |
| T  90155 | Fr   8448000 | Ep 119464 | Up   6600 | RMe    1.76 | RSd    1.08 | RMa    4.00 | RMi    0.00 | Pl    0.372 | Vl    0.074 | El 0.0304 | Gr    0.266 | Fps    93 |
| T  90573 | Fr   8576000 | Ep 120000 | Up   6700 | RMe    1.70 | RSd    1.29 | RMa    5.00 | RMi    0.00 | Pl    0.187 | Vl    0.078 | El 0.0304 | Gr    0.322 | Fps    94 |
| T  90982 | Fr   8704000 | Ep 120528 | Up   6800 | RMe    1.60 | RSd    1.09 | RMa    4.00 | RMi    0.00 | Pl    0.120 | Vl    0.034 | El 0.0305 | Gr    0.108 | Fps    95 |
| T  91388 | Fr   8832000 | Ep 121064 | Up   6900 | RMe    1.73 | RSd    1.26 | RMa    5.00 | RMi    0.00 | Pl   -0.581 | Vl    0.024 | El 0.0305 | Gr    0.251 | Fps    96 |
| T  91808 | Fr   8960000 | Ep 121600 | Up   7000 | RMe    1.77 | RSd    1.10 | RMa    5.00 | RMi    0.00 | Pl   -0.081 | Vl    0.034 | El 0.0304 | Gr    0.096 | Fps    97 |
| T  92205 | Fr   9088000 | Ep 122128 | Up   7100 | RMe    1.59 | RSd    1.03 | RMa    4.00 | RMi    0.00 | Pl    1.048 | Vl    0.141 | El 0.0304 | Gr    0.768 | Fps    98 |
| T  92614 | Fr   9216000 | Ep 122664 | Up   7200 | RMe    1.62 | RSd    1.07 | RMa    4.00 | RMi    0.00 | Pl   -0.481 | Vl    0.043 | El 0.0304 | Gr    0.294 | Fps    99 |
| T  93023 | Fr   9344000 | Ep 123200 | Up   7300 | RMe    1.51 | RSd    0.99 | RMa    5.00 | RMi    0.00 | Pl    0.136 | Vl    0.042 | El 0.0303 | Gr    0.153 | Fps   100 |
| T  93443 | Fr   9472000 | Ep 123728 | Up   7400 | RMe    1.70 | RSd    1.01 | RMa    4.00 | RMi    0.00 | Pl    0.467 | Vl    0.074 | El 0.0304 | Gr    0.334 | Fps   101 |
| T  93877 | Fr   9600000 | Ep 124264 | Up   7500 | RMe    1.71 | RSd    1.00 | RMa    5.00 | RMi    0.00 | Pl    0.114 | Vl    0.050 | El 0.0305 | Gr    0.132 | Fps   102 |
| T  94283 | Fr   9728000 | Ep 124800 | Up   7600 | RMe    2.14 | RSd    1.50 | RMa    6.00 | RMi    0.00 | Pl   -0.635 | Vl    0.054 | El 0.0303 | Gr    0.376 | Fps   103 |
| T  94700 | Fr   9856000 | Ep 125328 | Up   7700 | RMe    1.46 | RSd    1.05 | RMa    7.00 | RMi    0.00 | Pl   -0.302 | Vl    0.037 | El 0.0305 | Gr    0.285 | Fps   104 |
| T  95132 | Fr   9984000 | Ep 125864 | Up   7800 | RMe    1.84 | RSd    1.16 | RMa    5.00 | RMi    0.00 | Pl    0.451 | Vl    0.064 | El 0.0303 | Gr    0.554 | Fps   104 |
| T  95560 | Fr  10112000 | Ep 126400 | Up   7900 | RMe    1.96 | RSd    1.19 | RMa    5.00 | RMi    0.00 | Pl    0.629 | Vl    0.059 | El 0.0304 | Gr    0.382 | Fps   105 |
| T  95960 | Fr  10240000 | Ep 126928 | Up   8000 | RMe    1.47 | RSd    0.98 | RMa    4.00 | RMi    0.00 | Pl    0.192 | Vl    0.062 | El 0.0304 | Gr    0.262 | Fps   106 |
| T  96379 | Fr  10368000 | Ep 127464 | Up   8100 | RMe    1.55 | RSd    1.10 | RMa    5.00 | RMi    0.00 | Pl   -0.228 | Vl    0.034 | El 0.0305 | Gr    0.109 | Fps   107 |
| T  96810 | Fr  10496000 | Ep 128000 | Up   8200 | RMe    1.73 | RSd    1.37 | RMa    6.00 | RMi    0.00 | Pl    0.066 | Vl    0.091 | El 0.0305 | Gr    0.165 | Fps   108 |
| T  97239 | Fr  10624000 | Ep 128528 | Up   8300 | RMe    1.48 | RSd    1.03 | RMa    5.00 | RMi    0.00 | Pl   -0.144 | Vl    0.040 | El 0.0305 | Gr    0.173 | Fps   109 |
| T  97678 | Fr  10752000 | Ep 129064 | Up   8400 | RMe    1.94 | RSd    1.29 | RMa    6.00 | RMi    0.00 | Pl   -0.872 | Vl    0.035 | El 0.0305 | Gr    0.461 | Fps   110 |
| T  98103 | Fr  10880000 | Ep 129600 | Up   8500 | RMe    1.81 | RSd    1.21 | RMa    5.00 | RMi    0.00 | Pl   -0.282 | Vl    0.038 | El 0.0304 | Gr    0.180 | Fps   110 |
| T  98527 | Fr  11008000 | Ep 130128 | Up   8600 | RMe    1.80 | RSd    1.18 | RMa    5.00 | RMi    0.00 | Pl    0.153 | Vl    0.049 | El 0.0304 | Gr    0.123 | Fps   111 |
| T  98955 | Fr  11136000 | Ep 130664 | Up   8700 | RMe    1.57 | RSd    1.08 | RMa    4.00 | RMi    0.00 | Pl   -0.555 | Vl    0.021 | El 0.0305 | Gr    0.206 | Fps   112 |
| T  99381 | Fr  11264000 | Ep 131200 | Up   8800 | RMe    1.70 | RSd    1.09 | RMa    4.00 | RMi    0.00 | Pl   -0.006 | Vl    0.050 | El 0.0304 | Gr    0.116 | Fps   113 |
| T  99776 | Fr  11392000 | Ep 131728 | Up   8900 | RMe    1.81 | RSd    1.30 | RMa    5.00 | RMi    0.00 | Pl   -0.244 | Vl    0.043 | El 0.0304 | Gr    0.223 | Fps   114 |
| T 100184 | Fr  11520000 | Ep 132264 | Up   9000 | RMe    1.90 | RSd    1.23 | RMa    5.00 | RMi    0.00 | Pl   -0.112 | Vl    0.058 | El 0.0303 | Gr    0.170 | Fps   114 |
| T 100628 | Fr  11648000 | Ep 132800 | Up   9100 | RMe    1.77 | RSd    1.16 | RMa    5.00 | RMi    0.00 | Pl   -0.127 | Vl    0.039 | El 0.0304 | Gr    0.109 | Fps   115 |
| T 101038 | Fr  11776000 | Ep 133328 | Up   9200 | RMe    1.56 | RSd    0.97 | RMa    4.00 | RMi    0.00 | Pl   -0.013 | Vl    0.034 | El 0.0305 | Gr    0.104 | Fps   116 |
| T 101467 | Fr  11904000 | Ep 133864 | Up   9300 | RMe    1.81 | RSd    1.06 | RMa    5.00 | RMi    0.00 | Pl   -0.337 | Vl    0.057 | El 0.0303 | Gr    0.284 | Fps   117 |
| T 101887 | Fr  12032000 | Ep 134400 | Up   9400 | RMe    1.64 | RSd    1.27 | RMa    6.00 | RMi    0.00 | Pl   -0.753 | Vl    0.044 | El 0.0305 | Gr    0.483 | Fps   118 |
| T 102288 | Fr  12160000 | Ep 134928 | Up   9500 | RMe    2.21 | RSd    1.34 | RMa    6.00 | RMi    0.00 | Pl   -0.088 | Vl    0.068 | El 0.0303 | Gr    0.361 | Fps   118 |
| T 102712 | Fr  12288000 | Ep 135464 | Up   9600 | RMe    1.98 | RSd    1.36 | RMa    5.00 | RMi    0.00 | Pl   -0.470 | Vl    0.050 | El 0.0303 | Gr    0.296 | Fps   119 |
| T 103122 | Fr  12416000 | Ep 136000 | Up   9700 | RMe    1.95 | RSd    1.26 | RMa    5.00 | RMi    0.00 | Pl    0.165 | Vl    0.038 | El 0.0304 | Gr    0.145 | Fps   120 |
| T 103539 | Fr  12544000 | Ep 136528 | Up   9800 | RMe    1.90 | RSd    1.13 | RMa    6.00 | RMi    0.00 | Pl   -0.531 | Vl    0.020 | El 0.0304 | Gr    0.315 | Fps   121 |
| T 103959 | Fr  12672000 | Ep 137064 | Up   9900 | RMe    1.72 | RSd    1.13 | RMa    5.00 | RMi    0.00 | Pl    0.110 | Vl    0.066 | El 0.0304 | Gr    0.170 | Fps   121 |
| T 104382 | Fr  12800000 | Ep 137600 | Up  10000 | RMe    1.80 | RSd    1.15 | RMa    5.00 | RMi    0.00 | Pl    0.274 | Vl    0.064 | El 0.0303 | Gr    0.185 | Fps   122 |
| T 104798 | Fr  12928000 | Ep 138128 | Up  10100 | RMe    1.90 | RSd    1.14 | RMa    5.00 | RMi    0.00 | Pl    0.076 | Vl    0.071 | El 0.0301 | Gr    0.223 | Fps   123 |
| T 105229 | Fr  13056000 | Ep 138664 | Up  10200 | RMe    1.96 | RSd    1.25 | RMa    6.00 | RMi    0.00 | Pl    0.438 | Vl    0.042 | El 0.0303 | Gr    0.274 | Fps   124 |
| T 105635 | Fr  13184000 | Ep 139200 | Up  10300 | RMe    1.92 | RSd    1.06 | RMa    5.00 | RMi    0.00 | Pl    0.339 | Vl    0.063 | El 0.0302 | Gr    0.191 | Fps   124 |
| T 106045 | Fr  13312000 | Ep 139728 | Up  10400 | RMe    1.89 | RSd    1.16 | RMa    5.00 | RMi    0.00 | Pl    0.299 | Vl    0.046 | El 0.0303 | Gr    0.205 | Fps   125 |
| T 106455 | Fr  13440000 | Ep 140264 | Up  10500 | RMe    1.92 | RSd    1.20 | RMa    5.00 | RMi    0.00 | Pl    0.304 | Vl    0.075 | El 0.0302 | Gr    0.287 | Fps   126 |
| T 106877 | Fr  13568000 | Ep 140800 | Up  10600 | RMe    2.06 | RSd    1.27 | RMa    6.00 | RMi    0.00 | Pl   -0.136 | Vl    0.041 | El 0.0303 | Gr    0.143 | Fps   126 |
| T 107304 | Fr  13696000 | Ep 141328 | Up  10700 | RMe    1.88 | RSd    1.19 | RMa    5.00 | RMi    0.00 | Pl    0.175 | Vl    0.045 | El 0.0300 | Gr    0.310 | Fps   127 |
| T 107731 | Fr  13824000 | Ep 141864 | Up  10800 | RMe    2.01 | RSd    1.11 | RMa    6.00 | RMi    0.00 | Pl   -0.862 | Vl    0.057 | El 0.0301 | Gr    0.537 | Fps   128 |
| T 108161 | Fr  13952000 | Ep 142400 | Up  10900 | RMe    2.06 | RSd    1.36 | RMa    6.00 | RMi    0.00 | Pl   -0.246 | Vl    0.039 | El 0.0300 | Gr    0.299 | Fps   128 |
| T 108573 | Fr  14080000 | Ep 142928 | Up  11000 | RMe    2.00 | RSd    1.28 | RMa    6.00 | RMi    0.00 | Pl    0.118 | Vl    0.037 | El 0.0303 | Gr    0.139 | Fps   129 |
| T 108989 | Fr  14208000 | Ep 143464 | Up  11100 | RMe    1.96 | RSd    1.21 | RMa    5.00 | RMi    0.00 | Pl    0.622 | Vl    0.073 | El 0.0303 | Gr    0.324 | Fps   130 |
| T 109412 | Fr  14336000 | Ep 144000 | Up  11200 | RMe    2.04 | RSd    1.17 | RMa    5.00 | RMi    0.00 | Pl    0.002 | Vl    0.056 | El 0.0302 | Gr    0.190 | Fps   131 |
| T 109841 | Fr  14464000 | Ep 144528 | Up  11300 | RMe    2.31 | RSd    1.36 | RMa    6.00 | RMi    0.00 | Pl   -0.335 | Vl    0.044 | El 0.0303 | Gr    0.286 | Fps   131 |
| T 110277 | Fr  14592000 | Ep 145064 | Up  11400 | RMe    2.07 | RSd    1.33 | RMa    7.00 | RMi    0.00 | Pl   -0.140 | Vl    0.038 | El 0.0305 | Gr    0.205 | Fps   132 |
| T 110697 | Fr  14720000 | Ep 145600 | Up  11500 | RMe    2.12 | RSd    1.19 | RMa    5.00 | RMi    0.00 | Pl    0.620 | Vl    0.091 | El 0.0302 | Gr    0.227 | Fps   132 |
| T 111116 | Fr  14848000 | Ep 146128 | Up  11600 | RMe    1.92 | RSd    1.32 | RMa    5.00 | RMi    0.00 | Pl    0.790 | Vl    0.102 | El 0.0303 | Gr    0.600 | Fps   133 |
| T 111557 | Fr  14976000 | Ep 146664 | Up  11700 | RMe    1.89 | RSd    1.24 | RMa    5.00 | RMi    0.00 | Pl   -0.575 | Vl    0.079 | El 0.0302 | Gr    0.301 | Fps   134 |
| T 111980 | Fr  15104000 | Ep 147200 | Up  11800 | RMe    2.09 | RSd    1.17 | RMa    5.00 | RMi    0.00 | Pl   -0.080 | Vl    0.093 | El 0.0303 | Gr    0.232 | Fps   134 |
| T 112402 | Fr  15232000 | Ep 147728 | Up  11900 | RMe    2.00 | RSd    1.02 | RMa    5.00 | RMi    0.00 | Pl   -0.160 | Vl    0.051 | El 0.0304 | Gr    0.146 | Fps   135 |
| T 112814 | Fr  15360000 | Ep 148264 | Up  12000 | RMe    2.05 | RSd    1.15 | RMa    4.00 | RMi    0.00 | Pl   -0.644 | Vl    0.031 | El 0.0304 | Gr    0.270 | Fps   136 |
| T 113247 | Fr  15488000 | Ep 148800 | Up  12100 | RMe    2.18 | RSd    1.30 | RMa    5.00 | RMi    0.00 | Pl    0.618 | Vl    0.090 | El 0.0304 | Gr    0.331 | Fps   136 |
| T 113658 | Fr  15616000 | Ep 149328 | Up  12200 | RMe    2.21 | RSd    1.31 | RMa    7.00 | RMi    0.00 | Pl   -0.217 | Vl    0.052 | El 0.0303 | Gr    0.206 | Fps   137 |
| T 114089 | Fr  15744000 | Ep 149864 | Up  12300 | RMe    2.36 | RSd    1.43 | RMa    8.00 | RMi    0.00 | Pl    0.048 | Vl    0.063 | El 0.0301 | Gr    0.143 | Fps   137 |
| T 114543 | Fr  15872000 | Ep 150400 | Up  12400 | RMe    2.05 | RSd    1.31 | RMa    5.00 | RMi    0.00 | Pl    0.413 | Vl    0.062 | El 0.0303 | Gr    0.270 | Fps   138 |
| T 114975 | Fr  16000000 | Ep 150928 | Up  12500 | RMe    2.19 | RSd    1.29 | RMa    5.00 | RMi    0.00 | Pl   -0.096 | Vl    0.038 | El 0.0302 | Gr    0.146 | Fps   139 |
| T 115391 | Fr  16128000 | Ep 151464 | Up  12600 | RMe    1.93 | RSd    1.21 | RMa    6.00 | RMi    0.00 | Pl    0.297 | Vl    0.060 | El 0.0303 | Gr    0.287 | Fps   139 |
| T 115818 | Fr  16256000 | Ep 152000 | Up  12700 | RMe    2.16 | RSd    1.45 | RMa    7.00 | RMi    0.00 | Pl   -0.174 | Vl    0.042 | El 0.0304 | Gr    0.170 | Fps   140 |
| T 116222 | Fr  16128000 | Ep 152528 | Up  12600 | RMe    2.43 | RSd    1.39 | RMa    5.00 | RMi    0.00 | Pl    0.298 | Vl    0.056 | El 0.0300 | Gr    0.277 | Fps   138 |
| T 116625 | Fr  16256000 | Ep 153064 | Up  12700 | RMe    2.38 | RSd    1.38 | RMa    6.00 | RMi    0.00 | Pl    0.515 | Vl    0.081 | El 0.0301 | Gr    0.560 | Fps   139 |
| T 117024 | Fr  16384000 | Ep 153600 | Up  12800 | RMe    2.15 | RSd    1.32 | RMa    6.00 | RMi    0.00 | Pl    0.048 | Vl    0.046 | El 0.0302 | Gr    0.207 | Fps   140 |
| T 117412 | Fr  16512000 | Ep 154128 | Up  12900 | RMe    2.28 | RSd    1.30 | RMa    6.00 | RMi    0.00 | Pl    0.349 | Vl    0.051 | El 0.0301 | Gr    0.206 | Fps   140 |
| T 117806 | Fr  16640000 | Ep 154664 | Up  13000 | RMe    2.35 | RSd    1.46 | RMa    6.00 | RMi    0.00 | Pl   -0.026 | Vl    0.044 | El 0.0302 | Gr    0.157 | Fps   141 |
| T 118208 | Fr  16768000 | Ep 155200 | Up  13100 | RMe    2.23 | RSd    1.35 | RMa    7.00 | RMi    0.00 | Pl    0.186 | Vl    0.059 | El 0.0302 | Gr    0.150 | Fps   141 |
| T 118595 | Fr  16896000 | Ep 155728 | Up  13200 | RMe    2.31 | RSd    1.35 | RMa    5.00 | RMi    0.00 | Pl    0.189 | Vl    0.054 | El 0.0298 | Gr    0.335 | Fps   142 |
| T 119009 | Fr  17024000 | Ep 156264 | Up  13300 | RMe    2.46 | RSd    1.38 | RMa    5.00 | RMi    0.00 | Pl   -0.462 | Vl    0.053 | El 0.0301 | Gr    0.400 | Fps   143 |
| T 119404 | Fr  17152000 | Ep 156800 | Up  13400 | RMe    2.54 | RSd    1.46 | RMa    7.00 | RMi    0.00 | Pl   -0.298 | Vl    0.044 | El 0.0303 | Gr    0.205 | Fps   143 |
| T 119792 | Fr  17280000 | Ep 157328 | Up  13500 | RMe    2.47 | RSd    1.37 | RMa    6.00 | RMi    0.00 | Pl   -0.102 | Vl    0.034 | El 0.0304 | Gr    0.193 | Fps   144 |
| T 120198 | Fr  17408000 | Ep 157864 | Up  13600 | RMe    2.42 | RSd    1.27 | RMa    7.00 | RMi    0.00 | Pl    0.616 | Vl    0.168 | El 0.0300 | Gr    0.649 | Fps   144 |
| T 120587 | Fr  17536000 | Ep 158400 | Up  13700 | RMe    2.27 | RSd    1.44 | RMa    6.00 | RMi    0.00 | Pl   -0.266 | Vl    0.048 | El 0.0300 | Gr    0.212 | Fps   145 |
| T 120980 | Fr  17664000 | Ep 158928 | Up  13800 | RMe    2.28 | RSd    1.44 | RMa    7.00 | RMi    0.00 | Pl    0.505 | Vl    0.067 | El 0.0299 | Gr    0.454 | Fps   146 |
| T 121366 | Fr  17792000 | Ep 159464 | Up  13900 | RMe    2.69 | RSd    1.49 | RMa    6.00 | RMi    0.00 | Pl   -0.403 | Vl    0.064 | El 0.0301 | Gr    0.489 | Fps   146 |
| T 121778 | Fr  17920000 | Ep 160000 | Up  14000 | RMe    2.30 | RSd    1.24 | RMa    5.00 | RMi    0.00 | Pl   -0.550 | Vl    0.035 | El 0.0303 | Gr    0.254 | Fps   147 |
| T 122167 | Fr  18048000 | Ep 160528 | Up  14100 | RMe    2.36 | RSd    1.57 | RMa    7.00 | RMi    0.00 | Pl   -0.405 | Vl    0.046 | El 0.0299 | Gr    0.523 | Fps   147 |
| T 122571 | Fr  18176000 | Ep 161064 | Up  14200 | RMe    2.35 | RSd    1.12 | RMa    6.00 | RMi    0.00 | Pl    0.570 | Vl    0.071 | El 0.0299 | Gr    0.542 | Fps   148 |
| T 122965 | Fr  18304000 | Ep 161600 | Up  14300 | RMe    2.65 | RSd    1.47 | RMa    8.00 | RMi    0.00 | Pl    0.559 | Vl    0.066 | El 0.0299 | Gr    0.305 | Fps   148 |
| T 123369 | Fr  18432000 | Ep 162128 | Up  14400 | RMe    2.27 | RSd    1.35 | RMa    6.00 | RMi    0.00 | Pl    1.013 | Vl    0.084 | El 0.0292 | Gr    1.410 | Fps   149 |
| T 123769 | Fr  18560000 | Ep 162664 | Up  14500 | RMe    2.34 | RSd    1.14 | RMa    5.00 | RMi    0.00 | Pl   -0.747 | Vl    0.026 | El 0.0302 | Gr    0.509 | Fps   149 |
| T 124166 | Fr  18688000 | Ep 163200 | Up  14600 | RMe    2.72 | RSd    1.44 | RMa    6.00 | RMi    0.00 | Pl    0.152 | Vl    0.067 | El 0.0298 | Gr    0.293 | Fps   150 |
| T 124548 | Fr  18816000 | Ep 163728 | Up  14700 | RMe    2.68 | RSd    1.68 | RMa    7.00 | RMi    0.00 | Pl    0.096 | Vl    0.090 | El 0.0298 | Gr    0.354 | Fps   151 |
| T 124950 | Fr  18944000 | Ep 164264 | Up  14800 | RMe    2.60 | RSd    1.59 | RMa    7.00 | RMi    0.00 | Pl   -1.056 | Vl    0.055 | El 0.0300 | Gr    0.618 | Fps   151 |
| T 125363 | Fr  19072000 | Ep 164800 | Up  14900 | RMe    2.27 | RSd    1.21 | RMa    6.00 | RMi    0.00 | Pl   -0.372 | Vl    0.023 | El 0.0303 | Gr    0.252 | Fps   152 |
| T 125767 | Fr  19200000 | Ep 165328 | Up  15000 | RMe    2.42 | RSd    1.33 | RMa    6.00 | RMi    1.00 | Pl    0.847 | Vl    0.058 | El 0.0300 | Gr    0.639 | Fps   152 |
| T 126160 | Fr  19328000 | Ep 165864 | Up  15100 | RMe    2.51 | RSd    1.40 | RMa    6.00 | RMi    0.00 | Pl   -0.809 | Vl    0.044 | El 0.0302 | Gr    0.698 | Fps   153 |
| T 126564 | Fr  19456000 | Ep 166400 | Up  15200 | RMe    2.67 | RSd    1.25 | RMa    5.00 | RMi    0.00 | Pl   -0.224 | Vl    0.057 | El 0.0301 | Gr    0.309 | Fps   153 |
| T 126957 | Fr  19584000 | Ep 166928 | Up  15300 | RMe    2.61 | RSd    1.37 | RMa    6.00 | RMi    0.00 | Pl    0.602 | Vl    0.127 | El 0.0295 | Gr    0.502 | Fps   154 |
| T 127365 | Fr  19712000 | Ep 167464 | Up  15400 | RMe    2.31 | RSd    1.23 | RMa    5.00 | RMi    0.00 | Pl    0.299 | Vl    0.060 | El 0.0300 | Gr    0.305 | Fps   154 |
| T 127758 | Fr  19840000 | Ep 168000 | Up  15500 | RMe    2.02 | RSd    1.19 | RMa    5.00 | RMi    0.00 | Pl    0.234 | Vl    0.050 | El 0.0301 | Gr    0.324 | Fps   155 |
| T 128158 | Fr  19968000 | Ep 168528 | Up  15600 | RMe    2.47 | RSd    1.49 | RMa    7.00 | RMi    0.00 | Pl    0.067 | Vl    0.053 | El 0.0298 | Gr    0.200 | Fps   155 |
| T 128577 | Fr  20096000 | Ep 169064 | Up  15700 | RMe    2.93 | RSd    1.51 | RMa    7.00 | RMi    0.00 | Pl   -0.236 | Vl    0.059 | El 0.0297 | Gr    0.488 | Fps   156 |
| T 128981 | Fr  20224000 | Ep 169600 | Up  15800 | RMe    2.80 | RSd    1.41 | RMa    6.00 | RMi    0.00 | Pl    0.365 | Vl    0.058 | El 0.0295 | Gr    0.373 | Fps   156 |
| T 129391 | Fr  20352000 | Ep 170128 | Up  15900 | RMe    2.69 | RSd    1.43 | RMa    6.00 | RMi    0.00 | Pl    0.352 | Vl    0.082 | El 0.0293 | Gr    0.730 | Fps   157 |
| T 129794 | Fr  20480000 | Ep 170664 | Up  16000 | RMe    2.82 | RSd    1.49 | RMa    7.00 | RMi    0.00 | Pl   -0.271 | Vl    0.051 | El 0.0296 | Gr    0.401 | Fps   157 |
| T 130207 | Fr  20608000 | Ep 171200 | Up  16100 | RMe    2.54 | RSd    1.42 | RMa    6.00 | RMi    0.00 | Pl   -0.052 | Vl    0.045 | El 0.0298 | Gr    0.272 | Fps   158 |
| T 130617 | Fr  20736000 | Ep 171728 | Up  16200 | RMe    2.69 | RSd    1.48 | RMa    7.00 | RMi    0.00 | Pl    0.087 | Vl    0.056 | El 0.0297 | Gr    0.280 | Fps   158 |
| T 131011 | Fr  20864000 | Ep 172264 | Up  16300 | RMe    2.99 | RSd    1.51 | RMa    6.00 | RMi    0.00 | Pl    0.279 | Vl    0.065 | El 0.0296 | Gr    0.289 | Fps   159 |
| T 131407 | Fr  20992000 | Ep 172800 | Up  16400 | RMe    2.48 | RSd    1.48 | RMa    6.00 | RMi    0.00 | Pl   -0.175 | Vl    0.034 | El 0.0301 | Gr    0.229 | Fps   159 |
| T 131797 | Fr  21120000 | Ep 173328 | Up  16500 | RMe    2.55 | RSd    1.40 | RMa    7.00 | RMi    0.00 | Pl   -0.306 | Vl    0.038 | El 0.0299 | Gr    0.281 | Fps   160 |
| T 132212 | Fr  21248000 | Ep 173864 | Up  16600 | RMe    2.42 | RSd    1.29 | RMa    6.00 | RMi    0.00 | Pl   -0.730 | Vl    0.045 | El 0.0297 | Gr    0.461 | Fps   160 |
| T 132604 | Fr  21376000 | Ep 174400 | Up  16700 | RMe    2.87 | RSd    1.47 | RMa    7.00 | RMi    1.00 | Pl    0.272 | Vl    0.087 | El 0.0297 | Gr    0.396 | Fps   161 |
| T 133011 | Fr  21504000 | Ep 174928 | Up  16800 | RMe    2.80 | RSd    1.52 | RMa    7.00 | RMi    0.00 | Pl   -0.209 | Vl    0.076 | El 0.0295 | Gr    0.546 | Fps   161 |
| T 133412 | Fr  21632000 | Ep 175464 | Up  16900 | RMe    3.27 | RSd    1.50 | RMa    8.00 | RMi    0.00 | Pl   -0.886 | Vl    0.074 | El 0.0297 | Gr    1.021 | Fps   162 |
| T 133806 | Fr  21760000 | Ep 176000 | Up  17000 | RMe    2.74 | RSd    1.48 | RMa    7.00 | RMi    1.00 | Pl    0.439 | Vl    0.063 | El 0.0298 | Gr    0.489 | Fps   162 |
| T 134198 | Fr  21888000 | Ep 176528 | Up  17100 | RMe    2.75 | RSd    1.43 | RMa    7.00 | RMi    0.00 | Pl   -0.138 | Vl    0.049 | El 0.0295 | Gr    0.346 | Fps   163 |
| T 134616 | Fr  22016000 | Ep 177064 | Up  17200 | RMe    2.74 | RSd    1.38 | RMa    6.00 | RMi    0.00 | Pl   -0.400 | Vl    0.049 | El 0.0297 | Gr    0.629 | Fps   163 |
| T 135021 | Fr  22144000 | Ep 177600 | Up  17300 | RMe    2.80 | RSd    1.34 | RMa    7.00 | RMi    0.00 | Pl   -0.281 | Vl    0.049 | El 0.0298 | Gr    0.248 | Fps   164 |
| T 135426 | Fr  22272000 | Ep 178128 | Up  17400 | RMe    2.51 | RSd    1.28 | RMa    6.00 | RMi    0.00 | Pl    0.598 | Vl    0.075 | El 0.0293 | Gr    0.889 | Fps   164 |
| T 135815 | Fr  22400000 | Ep 178664 | Up  17500 | RMe    3.07 | RSd    1.46 | RMa    6.00 | RMi    0.00 | Pl    0.389 | Vl    0.089 | El 0.0295 | Gr    0.307 | Fps   164 |
| T 136223 | Fr  22528000 | Ep 179200 | Up  17600 | RMe    2.89 | RSd    1.27 | RMa    6.00 | RMi    0.00 | Pl   -0.144 | Vl    0.057 | El 0.0294 | Gr    0.268 | Fps   165 |
| T 136644 | Fr  22656000 | Ep 179728 | Up  17700 | RMe    2.90 | RSd    1.20 | RMa    6.00 | RMi    1.00 | Pl   -0.239 | Vl    0.046 | El 0.0291 | Gr    0.382 | Fps   165 |
| T 137061 | Fr  22784000 | Ep 180264 | Up  17800 | RMe    3.01 | RSd    1.49 | RMa    7.00 | RMi    1.00 | Pl   -0.008 | Vl    0.086 | El 0.0292 | Gr    0.480 | Fps   166 |
| T 137467 | Fr  22912000 | Ep 180800 | Up  17900 | RMe    3.41 | RSd    1.43 | RMa    6.00 | RMi    0.00 | Pl   -0.642 | Vl    0.069 | El 0.0294 | Gr    0.877 | Fps   166 |
| T 137877 | Fr  23040000 | Ep 181328 | Up  18000 | RMe    3.00 | RSd    1.59 | RMa    8.00 | RMi    0.00 | Pl   -0.332 | Vl    0.046 | El 0.0295 | Gr    0.327 | Fps   167 |
| T 138290 | Fr  23168000 | Ep 181864 | Up  18100 | RMe    2.84 | RSd    1.34 | RMa    6.00 | RMi    0.00 | Pl   -0.099 | Vl    0.071 | El 0.0294 | Gr    0.623 | Fps   167 |
| T 138705 | Fr  23296000 | Ep 182400 | Up  18200 | RMe    3.08 | RSd    1.39 | RMa    6.00 | RMi    0.00 | Pl   -0.295 | Vl    0.038 | El 0.0294 | Gr    0.259 | Fps   167 |
| T 139120 | Fr  23424000 | Ep 182928 | Up  18300 | RMe    3.00 | RSd    1.22 | RMa    6.00 | RMi    0.00 | Pl   -0.158 | Vl    0.075 | El 0.0291 | Gr    0.505 | Fps   168 |
| T 139521 | Fr  23552000 | Ep 183464 | Up  18400 | RMe    3.33 | RSd    1.50 | RMa    8.00 | RMi    1.00 | Pl    0.268 | Vl    0.095 | El 0.0293 | Gr    0.485 | Fps   168 |
| T 139922 | Fr  23680000 | Ep 184000 | Up  18500 | RMe    3.02 | RSd    1.39 | RMa    6.00 | RMi    1.00 | Pl    0.377 | Vl    0.086 | El 0.0294 | Gr    0.431 | Fps   169 |
| T 140326 | Fr  23808000 | Ep 184528 | Up  18600 | RMe    3.05 | RSd    1.39 | RMa    6.00 | RMi    1.00 | Pl    1.342 | Vl    0.133 | El 0.0288 | Gr    1.952 | Fps   169 |
| T 140740 | Fr  23936000 | Ep 185064 | Up  18700 | RMe    3.55 | RSd    1.65 | RMa    8.00 | RMi    1.00 | Pl   -0.470 | Vl    0.057 | El 0.0294 | Gr    0.487 | Fps   170 |
| T 141155 | Fr  24064000 | Ep 185600 | Up  18800 | RMe    3.09 | RSd    1.48 | RMa    7.00 | RMi    1.00 | Pl   -0.096 | Vl    0.089 | El 0.0296 | Gr    0.432 | Fps   170 |
| T 141569 | Fr  24192000 | Ep 186128 | Up  18900 | RMe    3.19 | RSd    1.65 | RMa    8.00 | RMi    1.00 | Pl   -0.187 | Vl    0.056 | El 0.0293 | Gr    0.464 | Fps   170 |
| T 141980 | Fr  24320000 | Ep 186664 | Up  19000 | RMe    3.49 | RSd    1.42 | RMa    7.00 | RMi    0.00 | Pl   -0.083 | Vl    0.053 | El 0.0294 | Gr    0.403 | Fps   171 |
| T 142385 | Fr  24448000 | Ep 187200 | Up  19100 | RMe    3.04 | RSd    1.53 | RMa    8.00 | RMi    1.00 | Pl    0.086 | Vl    0.063 | El 0.0296 | Gr    0.252 | Fps   171 |
| T 142787 | Fr  24576000 | Ep 187728 | Up  19200 | RMe    3.20 | RSd    1.39 | RMa    7.00 | RMi    1.00 | Pl   -0.622 | Vl    0.041 | El 0.0294 | Gr    0.881 | Fps   172 |
| T 143187 | Fr  24704000 | Ep 188264 | Up  19300 | RMe    3.04 | RSd    1.30 | RMa    6.00 | RMi    0.00 | Pl   -0.606 | Vl    0.057 | El 0.0294 | Gr    0.850 | Fps   172 |
| T 143588 | Fr  24832000 | Ep 188800 | Up  19400 | RMe    2.73 | RSd    1.41 | RMa    6.00 | RMi    0.00 | Pl    0.289 | Vl    0.060 | El 0.0297 | Gr    0.371 | Fps   172 |
| T 143980 | Fr  24960000 | Ep 189328 | Up  19500 | RMe    3.15 | RSd    1.49 | RMa    7.00 | RMi    0.00 | Pl    0.233 | Vl    0.073 | El 0.0290 | Gr    0.500 | Fps   173 |
| T 144363 | Fr  25088000 | Ep 189864 | Up  19600 | RMe    3.53 | RSd    1.57 | RMa    8.00 | RMi    1.00 | Pl   -0.144 | Vl    0.114 | El 0.0294 | Gr    0.477 | Fps   173 |
| T 144757 | Fr  25216000 | Ep 190400 | Up  19700 | RMe    3.23 | RSd    1.31 | RMa    6.00 | RMi    1.00 | Pl    0.341 | Vl    0.097 | El 0.0295 | Gr    0.580 | Fps   174 |
| T 145163 | Fr  25344000 | Ep 190928 | Up  19800 | RMe    3.12 | RSd    1.19 | RMa    6.00 | RMi    1.00 | Pl    0.070 | Vl    0.071 | El 0.0294 | Gr    0.287 | Fps   174 |
| T 145579 | Fr  25472000 | Ep 191464 | Up  19900 | RMe    3.06 | RSd    1.54 | RMa    8.00 | RMi    1.00 | Pl   -0.353 | Vl    0.060 | El 0.0295 | Gr    0.532 | Fps   174 |
| T 146006 | Fr  25600000 | Ep 192000 | Up  20000 | RMe    3.55 | RSd    1.36 | RMa    6.00 | RMi    1.00 | Pl    0.058 | Vl    0.078 | El 0.0297 | Gr    0.222 | Fps   175 |
| T 146426 | Fr  25728000 | Ep 192528 | Up  20100 | RMe    3.00 | RSd    1.36 | RMa    6.00 | RMi    0.00 | Pl    0.369 | Vl    0.065 | El 0.0294 | Gr    0.550 | Fps   175 |
| T 146849 | Fr  25856000 | Ep 193064 | Up  20200 | RMe    3.13 | RSd    1.39 | RMa    7.00 | RMi    1.00 | Pl    0.123 | Vl    0.071 | El 0.0295 | Gr    0.414 | Fps   176 |
| T 147264 | Fr  25984000 | Ep 193600 | Up  20300 | RMe    3.26 | RSd    1.40 | RMa    7.00 | RMi    1.00 | Pl    0.557 | Vl    0.059 | El 0.0297 | Gr    0.419 | Fps   176 |
| T 147666 | Fr  26112000 | Ep 194128 | Up  20400 | RMe    3.09 | RSd    1.21 | RMa    6.00 | RMi    1.00 | Pl    0.378 | Vl    0.111 | El 0.0290 | Gr    0.659 | Fps   176 |
| T 148063 | Fr  26240000 | Ep 194664 | Up  20500 | RMe    3.04 | RSd    1.44 | RMa    6.00 | RMi    0.00 | Pl    0.146 | Vl    0.053 | El 0.0294 | Gr    0.250 | Fps   177 |
| T 148455 | Fr  26368000 | Ep 195200 | Up  20600 | RMe    3.45 | RSd    1.38 | RMa    7.00 | RMi    0.00 | Pl   -0.217 | Vl    0.071 | El 0.0292 | Gr    0.622 | Fps   177 |
| T 148842 | Fr  26496000 | Ep 195728 | Up  20700 | RMe    3.80 | RSd    1.50 | RMa    7.00 | RMi    0.00 | Pl    0.175 | Vl    0.091 | El 0.0290 | Gr    0.401 | Fps   178 |
| T 149254 | Fr  26624000 | Ep 196264 | Up  20800 | RMe    3.67 | RSd    1.66 | RMa    8.00 | RMi    1.00 | Pl   -0.698 | Vl    0.052 | El 0.0294 | Gr    0.662 | Fps   178 |
| T 149632 | Fr  26752000 | Ep 196800 | Up  20900 | RMe    3.53 | RSd    1.62 | RMa    8.00 | RMi    0.00 | Pl    0.207 | Vl    0.092 | El 0.0294 | Gr    0.317 | Fps   178 |
| T 150034 | Fr  26880000 | Ep 197328 | Up  21000 | RMe    3.68 | RSd    1.22 | RMa    8.00 | RMi    1.00 | Pl    0.173 | Vl    0.057 | El 0.0289 | Gr    0.306 | Fps   179 |
| T 150432 | Fr  27008000 | Ep 197864 | Up  21100 | RMe    3.23 | RSd    1.24 | RMa    6.00 | RMi    0.00 | Pl   -0.180 | Vl    0.059 | El 0.0293 | Gr    0.450 | Fps   179 |
| T 150845 | Fr  27136000 | Ep 198400 | Up  21200 | RMe    3.34 | RSd    1.19 | RMa    7.00 | RMi    1.00 | Pl   -0.349 | Vl    0.053 | El 0.0294 | Gr    0.373 | Fps   179 |
| T 151246 | Fr  27264000 | Ep 198928 | Up  21300 | RMe    3.43 | RSd    1.28 | RMa    7.00 | RMi    1.00 | Pl    0.511 | Vl    0.056 | El 0.0289 | Gr    0.558 | Fps   180 |
| T 151682 | Fr  27392000 | Ep 199464 | Up  21400 | RMe    3.60 | RSd    1.37 | RMa    7.00 | RMi    1.00 | Pl   -0.166 | Vl    0.079 | El 0.0291 | Gr    0.314 | Fps   180 |
| T 152115 | Fr  27520000 | Ep 200000 | Up  21500 | RMe    3.56 | RSd    1.11 | RMa    7.00 | RMi    1.00 | Pl   -0.349 | Vl    0.055 | El 0.0293 | Gr    0.362 | Fps   180 |
| T 152531 | Fr  27648000 | Ep 200528 | Up  21600 | RMe    3.27 | RSd    1.30 | RMa    7.00 | RMi    1.00 | Pl    0.811 | Vl    0.065 | El 0.0290 | Gr    0.910 | Fps   181 |
| T 152967 | Fr  27776000 | Ep 201064 | Up  21700 | RMe    3.80 | RSd    1.40 | RMa    8.00 | RMi    1.00 | Pl   -0.643 | Vl    0.063 | El 0.0293 | Gr    0.751 | Fps   181 |
| T 153379 | Fr  27904000 | Ep 201600 | Up  21800 | RMe    3.68 | RSd    1.46 | RMa    7.00 | RMi    1.00 | Pl   -0.211 | Vl    0.123 | El 0.0290 | Gr    0.467 | Fps   181 |
| T 153800 | Fr  28032000 | Ep 202128 | Up  21900 | RMe    3.75 | RSd    1.41 | RMa    7.00 | RMi    1.00 | Pl   -0.366 | Vl    0.046 | El 0.0288 | Gr    0.527 | Fps   182 |
| T 154212 | Fr  28160000 | Ep 202664 | Up  22000 | RMe    3.44 | RSd    1.53 | RMa    9.00 | RMi    1.00 | Pl   -0.628 | Vl    0.073 | El 0.0295 | Gr    0.707 | Fps   182 |
| T 154620 | Fr  28288000 | Ep 203200 | Up  22100 | RMe    3.44 | RSd    1.42 | RMa    8.00 | RMi    0.00 | Pl    0.266 | Vl    0.079 | El 0.0295 | Gr    0.365 | Fps   182 |
| T 155023 | Fr  28416000 | Ep 203728 | Up  22200 | RMe    3.35 | RSd    1.35 | RMa    7.00 | RMi    1.00 | Pl   -0.086 | Vl    0.040 | El 0.0292 | Gr    0.290 | Fps   183 |
| T 155430 | Fr  28544000 | Ep 204264 | Up  22300 | RMe    3.85 | RSd    1.33 | RMa    7.00 | RMi    1.00 | Pl    0.271 | Vl    0.077 | El 0.0292 | Gr    0.465 | Fps   183 |
| T 155850 | Fr  28672000 | Ep 204800 | Up  22400 | RMe    3.63 | RSd    1.35 | RMa    7.00 | RMi    0.00 | Pl   -0.300 | Vl    0.053 | El 0.0290 | Gr    0.450 | Fps   183 |
| T 156267 | Fr  28800000 | Ep 205328 | Up  22500 | RMe    4.02 | RSd    1.68 | RMa    7.00 | RMi    1.00 | Pl    0.145 | Vl    0.063 | El 0.0291 | Gr    0.483 | Fps   184 |
| T 156669 | Fr  28928000 | Ep 205864 | Up  22600 | RMe    3.61 | RSd    1.38 | RMa    7.00 | RMi    0.00 | Pl   -0.624 | Vl    0.056 | El 0.0294 | Gr    0.758 | Fps   184 |
| T 157071 | Fr  29056000 | Ep 206400 | Up  22700 | RMe    3.71 | RSd    1.50 | RMa    7.00 | RMi    0.00 | Pl    0.285 | Vl    0.053 | El 0.0295 | Gr    0.305 | Fps   184 |
| T 157498 | Fr  29184000 | Ep 206928 | Up  22800 | RMe    3.59 | RSd    1.35 | RMa    6.00 | RMi    1.00 | Pl    0.020 | Vl    0.042 | El 0.0291 | Gr    0.245 | Fps   185 |
| T 157919 | Fr  29312000 | Ep 207464 | Up  22900 | RMe    3.67 | RSd    1.58 | RMa    8.00 | RMi    0.00 | Pl   -0.918 | Vl    0.111 | El 0.0292 | Gr    1.341 | Fps   185 |
| T 158334 | Fr  29440000 | Ep 208000 | Up  23000 | RMe    3.42 | RSd    1.25 | RMa    6.00 | RMi    1.00 | Pl    1.103 | Vl    0.126 | El 0.0292 | Gr    0.850 | Fps   185 |
| T 158737 | Fr  29568000 | Ep 208528 | Up  23100 | RMe    3.64 | RSd    1.41 | RMa    9.00 | RMi    1.00 | Pl    0.752 | Vl    0.098 | El 0.0290 | Gr    1.080 | Fps   186 |
| T 159132 | Fr  29696000 | Ep 209064 | Up  23200 | RMe    3.39 | RSd    1.36 | RMa    7.00 | RMi    1.00 | Pl   -0.571 | Vl    0.077 | El 0.0294 | Gr    0.649 | Fps   186 |
| T 159557 | Fr  29824000 | Ep 209600 | Up  23300 | RMe    3.77 | RSd    1.28 | RMa    7.00 | RMi    1.00 | Pl   -0.183 | Vl    0.073 | El 0.0293 | Gr    0.330 | Fps   186 |
